2024-09-02 11:34:35.927 +03:00 [WRN] The WebRootPath was not found: C:\Users\Orange\Desktop\WepAPICoreTasks\WepAPICoreTasks\WepAPICoreTasks1\WepAPICoreTasks1\wwwroot. Static files may be unavailable.
2024-09-02 11:34:36.008 +03:00 [INF] Application started. Press Ctrl+C to shut down.
2024-09-02 11:34:36.009 +03:00 [INF] Hosting environment: Development
2024-09-02 11:34:36.009 +03:00 [INF] Content root path: C:\Users\Orange\Desktop\WepAPICoreTasks\WepAPICoreTasks\WepAPICoreTasks1\WepAPICoreTasks1
2024-09-02 11:34:36.039 +03:00 [INF] Request starting HTTP/2 GET https://localhost:44367/swagger/index.html - null null
2024-09-02 11:34:36.816 +03:00 [INF] Request finished HTTP/2 GET https://localhost:44367/swagger/index.html - 200 null text/html;charset=utf-8 777.2495ms
2024-09-02 11:34:36.822 +03:00 [INF] Request starting HTTP/2 GET https://localhost:44367/_framework/aspnetcore-browser-refresh.js - null null
2024-09-02 11:34:36.822 +03:00 [INF] Request starting HTTP/2 GET https://localhost:44367/_vs/browserLink - null null
2024-09-02 11:34:36.825 +03:00 [INF] Request finished HTTP/2 GET https://localhost:44367/_framework/aspnetcore-browser-refresh.js - 200 13768 application/javascript; charset=utf-8 3.4698ms
2024-09-02 11:34:36.862 +03:00 [INF] Request finished HTTP/2 GET https://localhost:44367/_vs/browserLink - 200 null text/javascript; charset=UTF-8 39.7656ms
2024-09-02 11:34:37.001 +03:00 [INF] Request starting HTTP/2 GET https://localhost:44367/swagger/v1/swagger.json - null null
2024-09-02 11:34:37.120 +03:00 [INF] Request finished HTTP/2 GET https://localhost:44367/swagger/v1/swagger.json - 200 null application/json;charset=utf-8 119.7241ms
2024-09-02 11:36:15.611 +03:00 [INF] Request starting HTTP/2 POST https://localhost:44367/api/Register/register - multipart/form-data; boundary=----WebKitFormBoundary7kaxZXg1jfpBF4ip 350
2024-09-02 11:36:15.618 +03:00 [INF] CORS policy execution successful.
2024-09-02 11:36:15.626 +03:00 [INF] Executing endpoint 'WepAPICoreTasks1.Controllers.Register.addUser (WepAPICoreTasks1)'
2024-09-02 11:36:15.661 +03:00 [INF] Route matched with {action = "addUser", controller = "Register"}. Executing controller action with signature Microsoft.AspNetCore.Mvc.IActionResult addUser(WepAPICoreTasks1.DTOs.UserRequestDTO) on controller WepAPICoreTasks1.Controllers.Register (WepAPICoreTasks1).
2024-09-02 11:36:17.996 +03:00 [INF] Executed DbCommand (66ms) [Parameters=[@p0='?' (Size = 100), @p1='?' (Size = 50), @p2='?' (Size = 8000) (DbType = Binary), @p3='?' (Size = 8000) (DbType = Binary), @p4='?' (Size = 50)], CommandType='"Text"', CommandTimeout='30']
SET IMPLICIT_TRANSACTIONS OFF;
SET NOCOUNT ON;
INSERT INTO [Users] ([Email], [Password], [PasswordHash], [PasswordSalt], [Username])
OUTPUT INSERTED.[UserID]
VALUES (@p0, @p1, @p2, @p3, @p4);
2024-09-02 11:36:18.071 +03:00 [INF] Executing OkObjectResult, writing value of type 'WepAPICoreTasks1.Models.User'.
2024-09-02 11:36:18.107 +03:00 [INF] Executed action WepAPICoreTasks1.Controllers.Register.addUser (WepAPICoreTasks1) in 2441.0734ms
2024-09-02 11:36:18.107 +03:00 [INF] Executed endpoint 'WepAPICoreTasks1.Controllers.Register.addUser (WepAPICoreTasks1)'
2024-09-02 11:36:18.118 +03:00 [INF] Request finished HTTP/2 POST https://localhost:44367/api/Register/register - 200 null application/json; charset=utf-8 2506.3252ms
2024-09-02 11:36:33.739 +03:00 [INF] Request starting HTTP/2 POST https://localhost:44367/api/Register/login - multipart/form-data; boundary=----WebKitFormBoundaryDRcRjPhqSdc9Hgb4 348
2024-09-02 11:36:33.743 +03:00 [INF] CORS policy execution successful.
2024-09-02 11:36:33.743 +03:00 [INF] Executing endpoint 'WepAPICoreTasks1.Controllers.Register.Login (WepAPICoreTasks1)'
2024-09-02 11:36:33.746 +03:00 [INF] Route matched with {action = "Login", controller = "Register"}. Executing controller action with signature Microsoft.AspNetCore.Mvc.IActionResult Login(WepAPICoreTasks1.DTOs.UserRequestDTO) on controller WepAPICoreTasks1.Controllers.Register (WepAPICoreTasks1).
2024-09-02 11:36:34.271 +03:00 [INF] Executed DbCommand (6ms) [Parameters=[@__model_Email_0='?' (Size = 100), @__model_Username_1='?' (Size = 50)], CommandType='"Text"', CommandTimeout='30']
SELECT TOP(1) [u].[UserID], [u].[Email], [u].[Password], [u].[PasswordHash], [u].[PasswordSalt], [u].[Username]
FROM [Users] AS [u]
WHERE [u].[Email] = @__model_Email_0 AND [u].[Username] = @__model_Username_1
2024-09-02 11:36:34.274 +03:00 [INF] Executing UnauthorizedObjectResult, writing value of type 'System.String'.
2024-09-02 11:36:34.276 +03:00 [INF] Executed action WepAPICoreTasks1.Controllers.Register.Login (WepAPICoreTasks1) in 529.9784ms
2024-09-02 11:36:34.276 +03:00 [INF] Executed endpoint 'WepAPICoreTasks1.Controllers.Register.Login (WepAPICoreTasks1)'
2024-09-02 11:36:34.277 +03:00 [INF] Request finished HTTP/2 POST https://localhost:44367/api/Register/login - 401 null text/plain; charset=utf-8 537.6718ms
2024-09-02 11:36:47.024 +03:00 [INF] Request starting HTTP/2 POST https://localhost:44367/api/Register/login - multipart/form-data; boundary=----WebKitFormBoundaryH7hxm2ADZ0XSNRwR 350
2024-09-02 11:36:47.025 +03:00 [INF] CORS policy execution successful.
2024-09-02 11:36:47.025 +03:00 [INF] Executing endpoint 'WepAPICoreTasks1.Controllers.Register.Login (WepAPICoreTasks1)'
2024-09-02 11:36:47.025 +03:00 [INF] Route matched with {action = "Login", controller = "Register"}. Executing controller action with signature Microsoft.AspNetCore.Mvc.IActionResult Login(WepAPICoreTasks1.DTOs.UserRequestDTO) on controller WepAPICoreTasks1.Controllers.Register (WepAPICoreTasks1).
2024-09-02 11:36:47.048 +03:00 [INF] Executed DbCommand (1ms) [Parameters=[@__model_Email_0='?' (Size = 100), @__model_Username_1='?' (Size = 50)], CommandType='"Text"', CommandTimeout='30']
SELECT TOP(1) [u].[UserID], [u].[Email], [u].[Password], [u].[PasswordHash], [u].[PasswordSalt], [u].[Username]
FROM [Users] AS [u]
WHERE [u].[Email] = @__model_Email_0 AND [u].[Username] = @__model_Username_1
2024-09-02 11:36:47.078 +03:00 [INF] Executing OkObjectResult, writing value of type 'System.String'.
2024-09-02 11:36:47.079 +03:00 [INF] Executed action WepAPICoreTasks1.Controllers.Register.Login (WepAPICoreTasks1) in 53.1932ms
2024-09-02 11:36:47.079 +03:00 [INF] Executed endpoint 'WepAPICoreTasks1.Controllers.Register.Login (WepAPICoreTasks1)'
2024-09-02 11:36:47.079 +03:00 [INF] Request finished HTTP/2 POST https://localhost:44367/api/Register/login - 200 null text/plain; charset=utf-8 55.1364ms
2024-09-02 11:49:43.631 +03:00 [INF] Request starting HTTP/2 POST https://localhost:44367/api/Register/register - multipart/form-data; boundary=----WebKitFormBoundaryHF3fQd1goTxocBbb 44
2024-09-02 11:49:43.631 +03:00 [INF] CORS policy execution successful.
2024-09-02 11:49:43.632 +03:00 [INF] Executing endpoint 'WepAPICoreTasks1.Controllers.Register.addUser (WepAPICoreTasks1)'
2024-09-02 11:49:43.632 +03:00 [INF] Route matched with {action = "addUser", controller = "Register"}. Executing controller action with signature Microsoft.AspNetCore.Mvc.IActionResult addUser(WepAPICoreTasks1.DTOs.UserRequestDTO) on controller WepAPICoreTasks1.Controllers.Register (WepAPICoreTasks1).
2024-09-02 11:49:43.636 +03:00 [INF] Executed action WepAPICoreTasks1.Controllers.Register.addUser (WepAPICoreTasks1) in 4.1183ms
2024-09-02 11:49:43.637 +03:00 [INF] Executed endpoint 'WepAPICoreTasks1.Controllers.Register.addUser (WepAPICoreTasks1)'
2024-09-02 11:49:43.639 +03:00 [ERR] An unhandled exception has occurred while executing the request.
System.ArgumentNullException: Value cannot be null. (Parameter 's')
   at System.ArgumentNullException.Throw(String paramName)
   at System.Text.Encoding.GetBytes(String s)
   at WepAPICoreTasks1.DTOs.PasswordHasherNew.createPasswordHash(String password, Byte[]& passwordHash, Byte[]& passwordSalt) in C:\Users\Orange\Desktop\WepAPICoreTasks\WepAPICoreTasks\WepAPICoreTasks1\WepAPICoreTasks1\DTOs\PasswordHasherNew.cs:line 14
   at WepAPICoreTasks1.Controllers.Register.addUser(UserRequestDTO userDTO) in C:\Users\Orange\Desktop\WepAPICoreTasks\WepAPICoreTasks\WepAPICoreTasks1\WepAPICoreTasks1\Controllers\Register.cs:line 25
   at lambda_method3(Closure, Object, Object[])
   at Microsoft.AspNetCore.Mvc.Infrastructure.ActionMethodExecutor.SyncActionResultExecutor.Execute(ActionContext actionContext, IActionResultTypeMapper mapper, ObjectMethodExecutor executor, Object controller, Object[] arguments)
   at Microsoft.AspNetCore.Mvc.Infrastructure.ControllerActionInvoker.InvokeActionMethodAsync()
   at Microsoft.AspNetCore.Mvc.Infrastructure.ControllerActionInvoker.Next(State& next, Scope& scope, Object& state, Boolean& isCompleted)
   at Microsoft.AspNetCore.Mvc.Infrastructure.ControllerActionInvoker.InvokeNextActionFilterAsync()
--- End of stack trace from previous location ---
   at Microsoft.AspNetCore.Mvc.Infrastructure.ControllerActionInvoker.Rethrow(ActionExecutedContextSealed context)
   at Microsoft.AspNetCore.Mvc.Infrastructure.ControllerActionInvoker.Next(State& next, Scope& scope, Object& state, Boolean& isCompleted)
   at Microsoft.AspNetCore.Mvc.Infrastructure.ControllerActionInvoker.InvokeInnerFilterAsync()
--- End of stack trace from previous location ---
   at Microsoft.AspNetCore.Mvc.Infrastructure.ResourceInvoker.<InvokeFilterPipelineAsync>g__Awaited|20_0(ResourceInvoker invoker, Task lastTask, State next, Scope scope, Object state, Boolean isCompleted)
   at Microsoft.AspNetCore.Mvc.Infrastructure.ResourceInvoker.<InvokeAsync>g__Logged|17_1(ResourceInvoker invoker)
   at Microsoft.AspNetCore.Mvc.Infrastructure.ResourceInvoker.<InvokeAsync>g__Logged|17_1(ResourceInvoker invoker)
   at Microsoft.AspNetCore.Routing.EndpointMiddleware.<Invoke>g__AwaitRequestTask|7_0(Endpoint endpoint, Task requestTask, ILogger logger)
   at Microsoft.AspNetCore.Authorization.AuthorizationMiddleware.Invoke(HttpContext context)
   at Swashbuckle.AspNetCore.SwaggerUI.SwaggerUIMiddleware.Invoke(HttpContext httpContext)
   at Swashbuckle.AspNetCore.Swagger.SwaggerMiddleware.Invoke(HttpContext httpContext, ISwaggerProvider swaggerProvider)
   at Microsoft.AspNetCore.Authentication.AuthenticationMiddleware.Invoke(HttpContext context)
   at Microsoft.AspNetCore.Diagnostics.DeveloperExceptionPageMiddlewareImpl.Invoke(HttpContext context)
2024-09-02 11:49:43.678 +03:00 [INF] Request finished HTTP/2 POST https://localhost:44367/api/Register/register - 500 null text/plain; charset=utf-8 46.9844ms
2024-09-02 11:51:03.469 +03:00 [INF] Request starting HTTP/2 POST https://localhost:44367/api/Register/register - multipart/form-data; boundary=----WebKitFormBoundary38KZcU7HggocQGj7 44
2024-09-02 11:51:03.470 +03:00 [INF] CORS policy execution successful.
2024-09-02 11:51:03.470 +03:00 [INF] Executing endpoint 'WepAPICoreTasks1.Controllers.Register.addUser (WepAPICoreTasks1)'
2024-09-02 11:51:03.470 +03:00 [INF] Route matched with {action = "addUser", controller = "Register"}. Executing controller action with signature Microsoft.AspNetCore.Mvc.IActionResult addUser(WepAPICoreTasks1.DTOs.UserRequestDTO) on controller WepAPICoreTasks1.Controllers.Register (WepAPICoreTasks1).
2024-09-02 11:51:03.471 +03:00 [INF] Executed action WepAPICoreTasks1.Controllers.Register.addUser (WepAPICoreTasks1) in 0.8421ms
2024-09-02 11:51:03.471 +03:00 [INF] Executed endpoint 'WepAPICoreTasks1.Controllers.Register.addUser (WepAPICoreTasks1)'
2024-09-02 11:51:03.471 +03:00 [ERR] An unhandled exception has occurred while executing the request.
System.ArgumentNullException: Value cannot be null. (Parameter 's')
   at System.ArgumentNullException.Throw(String paramName)
   at System.Text.Encoding.GetBytes(String s)
   at WepAPICoreTasks1.DTOs.PasswordHasherNew.createPasswordHash(String password, Byte[]& passwordHash, Byte[]& passwordSalt) in C:\Users\Orange\Desktop\WepAPICoreTasks\WepAPICoreTasks\WepAPICoreTasks1\WepAPICoreTasks1\DTOs\PasswordHasherNew.cs:line 14
   at WepAPICoreTasks1.Controllers.Register.addUser(UserRequestDTO userDTO) in C:\Users\Orange\Desktop\WepAPICoreTasks\WepAPICoreTasks\WepAPICoreTasks1\WepAPICoreTasks1\Controllers\Register.cs:line 25
   at lambda_method3(Closure, Object, Object[])
   at Microsoft.AspNetCore.Mvc.Infrastructure.ActionMethodExecutor.SyncActionResultExecutor.Execute(ActionContext actionContext, IActionResultTypeMapper mapper, ObjectMethodExecutor executor, Object controller, Object[] arguments)
   at Microsoft.AspNetCore.Mvc.Infrastructure.ControllerActionInvoker.InvokeActionMethodAsync()
   at Microsoft.AspNetCore.Mvc.Infrastructure.ControllerActionInvoker.Next(State& next, Scope& scope, Object& state, Boolean& isCompleted)
   at Microsoft.AspNetCore.Mvc.Infrastructure.ControllerActionInvoker.InvokeNextActionFilterAsync()
--- End of stack trace from previous location ---
   at Microsoft.AspNetCore.Mvc.Infrastructure.ControllerActionInvoker.Rethrow(ActionExecutedContextSealed context)
   at Microsoft.AspNetCore.Mvc.Infrastructure.ControllerActionInvoker.Next(State& next, Scope& scope, Object& state, Boolean& isCompleted)
   at Microsoft.AspNetCore.Mvc.Infrastructure.ControllerActionInvoker.InvokeInnerFilterAsync()
--- End of stack trace from previous location ---
   at Microsoft.AspNetCore.Mvc.Infrastructure.ResourceInvoker.<InvokeFilterPipelineAsync>g__Awaited|20_0(ResourceInvoker invoker, Task lastTask, State next, Scope scope, Object state, Boolean isCompleted)
   at Microsoft.AspNetCore.Mvc.Infrastructure.ResourceInvoker.<InvokeAsync>g__Logged|17_1(ResourceInvoker invoker)
   at Microsoft.AspNetCore.Mvc.Infrastructure.ResourceInvoker.<InvokeAsync>g__Logged|17_1(ResourceInvoker invoker)
   at Microsoft.AspNetCore.Routing.EndpointMiddleware.<Invoke>g__AwaitRequestTask|7_0(Endpoint endpoint, Task requestTask, ILogger logger)
   at Microsoft.AspNetCore.Authorization.AuthorizationMiddleware.Invoke(HttpContext context)
   at Swashbuckle.AspNetCore.SwaggerUI.SwaggerUIMiddleware.Invoke(HttpContext httpContext)
   at Swashbuckle.AspNetCore.Swagger.SwaggerMiddleware.Invoke(HttpContext httpContext, ISwaggerProvider swaggerProvider)
   at Microsoft.AspNetCore.Authentication.AuthenticationMiddleware.Invoke(HttpContext context)
   at Microsoft.AspNetCore.Diagnostics.DeveloperExceptionPageMiddlewareImpl.Invoke(HttpContext context)
2024-09-02 11:51:03.473 +03:00 [INF] Request finished HTTP/2 POST https://localhost:44367/api/Register/register - 500 null text/plain; charset=utf-8 3.9533ms
2024-09-02 11:52:28.527 +03:00 [INF] Request starting HTTP/2 POST https://localhost:44367/api/Register/register - multipart/form-data; boundary=----WebKitFormBoundaryYALjD0rb4PzBv5ep 44
2024-09-02 11:52:28.528 +03:00 [INF] CORS policy execution successful.
2024-09-02 11:52:28.528 +03:00 [INF] Executing endpoint 'WepAPICoreTasks1.Controllers.Register.addUser (WepAPICoreTasks1)'
2024-09-02 11:52:28.528 +03:00 [INF] Route matched with {action = "addUser", controller = "Register"}. Executing controller action with signature Microsoft.AspNetCore.Mvc.IActionResult addUser(WepAPICoreTasks1.DTOs.UserRequestDTO) on controller WepAPICoreTasks1.Controllers.Register (WepAPICoreTasks1).
2024-09-02 11:52:28.530 +03:00 [INF] Executed action WepAPICoreTasks1.Controllers.Register.addUser (WepAPICoreTasks1) in 0.9898ms
2024-09-02 11:52:28.530 +03:00 [INF] Executed endpoint 'WepAPICoreTasks1.Controllers.Register.addUser (WepAPICoreTasks1)'
2024-09-02 11:52:28.530 +03:00 [ERR] An unhandled exception has occurred while executing the request.
System.ArgumentNullException: Value cannot be null. (Parameter 's')
   at System.ArgumentNullException.Throw(String paramName)
   at System.Text.Encoding.GetBytes(String s)
   at WepAPICoreTasks1.DTOs.PasswordHasherNew.createPasswordHash(String password, Byte[]& passwordHash, Byte[]& passwordSalt) in C:\Users\Orange\Desktop\WepAPICoreTasks\WepAPICoreTasks\WepAPICoreTasks1\WepAPICoreTasks1\DTOs\PasswordHasherNew.cs:line 14
   at WepAPICoreTasks1.Controllers.Register.addUser(UserRequestDTO userDTO) in C:\Users\Orange\Desktop\WepAPICoreTasks\WepAPICoreTasks\WepAPICoreTasks1\WepAPICoreTasks1\Controllers\Register.cs:line 25
   at lambda_method3(Closure, Object, Object[])
   at Microsoft.AspNetCore.Mvc.Infrastructure.ActionMethodExecutor.SyncActionResultExecutor.Execute(ActionContext actionContext, IActionResultTypeMapper mapper, ObjectMethodExecutor executor, Object controller, Object[] arguments)
   at Microsoft.AspNetCore.Mvc.Infrastructure.ControllerActionInvoker.InvokeActionMethodAsync()
   at Microsoft.AspNetCore.Mvc.Infrastructure.ControllerActionInvoker.Next(State& next, Scope& scope, Object& state, Boolean& isCompleted)
   at Microsoft.AspNetCore.Mvc.Infrastructure.ControllerActionInvoker.InvokeNextActionFilterAsync()
--- End of stack trace from previous location ---
   at Microsoft.AspNetCore.Mvc.Infrastructure.ControllerActionInvoker.Rethrow(ActionExecutedContextSealed context)
   at Microsoft.AspNetCore.Mvc.Infrastructure.ControllerActionInvoker.Next(State& next, Scope& scope, Object& state, Boolean& isCompleted)
   at Microsoft.AspNetCore.Mvc.Infrastructure.ControllerActionInvoker.InvokeInnerFilterAsync()
--- End of stack trace from previous location ---
   at Microsoft.AspNetCore.Mvc.Infrastructure.ResourceInvoker.<InvokeFilterPipelineAsync>g__Awaited|20_0(ResourceInvoker invoker, Task lastTask, State next, Scope scope, Object state, Boolean isCompleted)
   at Microsoft.AspNetCore.Mvc.Infrastructure.ResourceInvoker.<InvokeAsync>g__Logged|17_1(ResourceInvoker invoker)
   at Microsoft.AspNetCore.Mvc.Infrastructure.ResourceInvoker.<InvokeAsync>g__Logged|17_1(ResourceInvoker invoker)
   at Microsoft.AspNetCore.Routing.EndpointMiddleware.<Invoke>g__AwaitRequestTask|7_0(Endpoint endpoint, Task requestTask, ILogger logger)
   at Microsoft.AspNetCore.Authorization.AuthorizationMiddleware.Invoke(HttpContext context)
   at Swashbuckle.AspNetCore.SwaggerUI.SwaggerUIMiddleware.Invoke(HttpContext httpContext)
   at Swashbuckle.AspNetCore.Swagger.SwaggerMiddleware.Invoke(HttpContext httpContext, ISwaggerProvider swaggerProvider)
   at Microsoft.AspNetCore.Authentication.AuthenticationMiddleware.Invoke(HttpContext context)
   at Microsoft.AspNetCore.Diagnostics.DeveloperExceptionPageMiddlewareImpl.Invoke(HttpContext context)
2024-09-02 11:52:28.532 +03:00 [INF] Request finished HTTP/2 POST https://localhost:44367/api/Register/register - 500 null text/plain; charset=utf-8 4.4376ms
2024-09-02 12:35:04.285 +03:00 [INF] Request starting HTTP/2 GET https://localhost:44367/swagger/index.html - null null
2024-09-02 12:35:04.300 +03:00 [INF] Request finished HTTP/2 GET https://localhost:44367/swagger/index.html - 200 null text/html;charset=utf-8 15.1243ms
2024-09-02 12:35:04.325 +03:00 [INF] Request starting HTTP/2 GET https://localhost:44367/_vs/browserLink - null null
2024-09-02 12:35:04.325 +03:00 [INF] Request starting HTTP/2 GET https://localhost:44367/_framework/aspnetcore-browser-refresh.js - null null
2024-09-02 12:35:04.326 +03:00 [INF] Request finished HTTP/2 GET https://localhost:44367/_framework/aspnetcore-browser-refresh.js - 200 13768 application/javascript; charset=utf-8 1.3034ms
2024-09-02 12:35:04.339 +03:00 [INF] Request finished HTTP/2 GET https://localhost:44367/_vs/browserLink - 200 null text/javascript; charset=UTF-8 13.9867ms
2024-09-02 12:35:04.504 +03:00 [INF] Request starting HTTP/2 GET https://localhost:44367/swagger/v1/swagger.json - null null
2024-09-02 12:35:04.537 +03:00 [INF] Request finished HTTP/2 GET https://localhost:44367/swagger/v1/swagger.json - 200 null application/json;charset=utf-8 32.4561ms
2024-09-02 12:35:44.284 +03:00 [WRN] The WebRootPath was not found: C:\Users\Orange\Desktop\WepAPICoreTasks\WepAPICoreTasks\WepAPICoreTasks1\WepAPICoreTasks1\wwwroot. Static files may be unavailable.
2024-09-02 12:35:44.501 +03:00 [INF] Application started. Press Ctrl+C to shut down.
2024-09-02 12:35:44.502 +03:00 [INF] Hosting environment: Development
2024-09-02 12:35:44.512 +03:00 [INF] Content root path: C:\Users\Orange\Desktop\WepAPICoreTasks\WepAPICoreTasks\WepAPICoreTasks1\WepAPICoreTasks1
2024-09-02 12:35:44.570 +03:00 [INF] Request starting HTTP/2 GET https://localhost:44367/swagger/index.html - null null
2024-09-02 12:35:45.220 +03:00 [INF] Request finished HTTP/2 GET https://localhost:44367/swagger/index.html - 200 null text/html;charset=utf-8 661.5567ms
2024-09-02 12:35:45.256 +03:00 [INF] Request starting HTTP/2 GET https://localhost:44367/_vs/browserLink - null null
2024-09-02 12:35:45.256 +03:00 [INF] Request starting HTTP/2 GET https://localhost:44367/_framework/aspnetcore-browser-refresh.js - null null
2024-09-02 12:35:45.268 +03:00 [INF] Request finished HTTP/2 GET https://localhost:44367/_framework/aspnetcore-browser-refresh.js - 200 13768 application/javascript; charset=utf-8 5.8233ms
2024-09-02 12:35:45.343 +03:00 [INF] Request finished HTTP/2 GET https://localhost:44367/_vs/browserLink - 200 null text/javascript; charset=UTF-8 86.7727ms
2024-09-02 12:35:45.403 +03:00 [INF] Request starting HTTP/2 GET https://localhost:44367/swagger/v1/swagger.json - null null
2024-09-02 12:35:45.705 +03:00 [INF] Request finished HTTP/2 GET https://localhost:44367/swagger/v1/swagger.json - 200 null application/json;charset=utf-8 300.3741ms
2024-09-02 12:36:33.297 +03:00 [INF] Request starting HTTP/2 POST https://localhost:44367/api/Register/register - multipart/form-data; boundary=----WebKitFormBoundary3VX3oKPers2TSrTJ 357
2024-09-02 12:36:33.330 +03:00 [INF] CORS policy execution successful.
2024-09-02 12:36:33.342 +03:00 [INF] Executing endpoint 'WepAPICoreTasks1.Controllers.Register.addUser (WepAPICoreTasks1)'
2024-09-02 12:36:33.388 +03:00 [INF] Route matched with {action = "addUser", controller = "Register"}. Executing controller action with signature Microsoft.AspNetCore.Mvc.IActionResult addUser(WepAPICoreTasks1.DTOs.UserRequestDTO) on controller WepAPICoreTasks1.Controllers.Register (WepAPICoreTasks1).
2024-09-02 12:37:48.189 +03:00 [INF] Executed DbCommand (33ms) [Parameters=[@p0='?' (Size = 100), @p1='?' (Size = 50), @p2='?' (Size = 8000) (DbType = Binary), @p3='?' (Size = 8000) (DbType = Binary), @p4='?' (Size = 50)], CommandType='"Text"', CommandTimeout='30']
SET IMPLICIT_TRANSACTIONS OFF;
SET NOCOUNT ON;
INSERT INTO [Users] ([Email], [Password], [PasswordHash], [PasswordSalt], [Username])
OUTPUT INSERTED.[UserID]
VALUES (@p0, @p1, @p2, @p3, @p4);
2024-09-02 12:37:52.648 +03:00 [INF] Executing OkObjectResult, writing value of type 'WepAPICoreTasks1.Models.User'.
2024-09-02 12:37:52.668 +03:00 [INF] Executed action WepAPICoreTasks1.Controllers.Register.addUser (WepAPICoreTasks1) in 79273.968ms
2024-09-02 12:37:52.668 +03:00 [INF] Executed endpoint 'WepAPICoreTasks1.Controllers.Register.addUser (WepAPICoreTasks1)'
2024-09-02 12:37:52.683 +03:00 [INF] Request finished HTTP/2 POST https://localhost:44367/api/Register/register - 200 null application/json; charset=utf-8 79386.0767ms
2024-09-02 13:17:57.891 +03:00 [WRN] The WebRootPath was not found: C:\Users\Orange\Desktop\WepAPICoreTasks\WepAPICoreTasks\WepAPICoreTasks1\WepAPICoreTasks1\wwwroot. Static files may be unavailable.
2024-09-02 13:17:58.008 +03:00 [INF] Application started. Press Ctrl+C to shut down.
2024-09-02 13:17:58.015 +03:00 [INF] Hosting environment: Development
2024-09-02 13:17:58.015 +03:00 [INF] Content root path: C:\Users\Orange\Desktop\WepAPICoreTasks\WepAPICoreTasks\WepAPICoreTasks1\WepAPICoreTasks1
2024-09-02 13:17:58.040 +03:00 [INF] Request starting HTTP/2 GET https://localhost:44367/swagger/index.html - null null
2024-09-02 13:17:58.322 +03:00 [INF] Request finished HTTP/2 GET https://localhost:44367/swagger/index.html - 200 null text/html;charset=utf-8 286.093ms
2024-09-02 13:17:58.351 +03:00 [INF] Request starting HTTP/2 GET https://localhost:44367/_framework/aspnetcore-browser-refresh.js - null null
2024-09-02 13:17:58.351 +03:00 [INF] Request starting HTTP/2 GET https://localhost:44367/_vs/browserLink - null null
2024-09-02 13:17:58.359 +03:00 [INF] Request finished HTTP/2 GET https://localhost:44367/_framework/aspnetcore-browser-refresh.js - 200 13768 application/javascript; charset=utf-8 4.1406ms
2024-09-02 13:17:58.398 +03:00 [INF] Request finished HTTP/2 GET https://localhost:44367/_vs/browserLink - 200 null text/javascript; charset=UTF-8 47.2717ms
2024-09-02 13:17:58.457 +03:00 [INF] Request starting HTTP/2 GET https://localhost:44367/swagger/v1/swagger.json - null null
2024-09-02 13:17:58.593 +03:00 [INF] Request finished HTTP/2 GET https://localhost:44367/swagger/v1/swagger.json - 200 null application/json;charset=utf-8 135.7385ms
2024-09-02 13:18:55.577 +03:00 [INF] Request starting HTTP/2 POST https://localhost:44367/api/Register/login - multipart/form-data; boundary=----WebKitFormBoundaryp3du5fltG81iQGEn 247
2024-09-02 13:18:55.604 +03:00 [INF] CORS policy execution successful.
2024-09-02 13:18:55.614 +03:00 [INF] Executing endpoint 'WepAPICoreTasks1.Controllers.Register.Login (WepAPICoreTasks1)'
2024-09-02 13:18:55.657 +03:00 [INF] Route matched with {action = "Login", controller = "Register"}. Executing controller action with signature Microsoft.AspNetCore.Mvc.IActionResult Login(WepAPICoreTasks1.DTOs.UserRequestDTO) on controller WepAPICoreTasks1.Controllers.Register (WepAPICoreTasks1).
2024-09-02 13:18:56.071 +03:00 [INF] Executing BadRequestObjectResult, writing value of type 'Microsoft.AspNetCore.Mvc.ValidationProblemDetails'.
2024-09-02 13:18:56.143 +03:00 [INF] Executed action WepAPICoreTasks1.Controllers.Register.Login (WepAPICoreTasks1) in 477.8916ms
2024-09-02 13:18:56.143 +03:00 [INF] Executed endpoint 'WepAPICoreTasks1.Controllers.Register.Login (WepAPICoreTasks1)'
2024-09-02 13:18:56.149 +03:00 [INF] Request finished HTTP/2 POST https://localhost:44367/api/Register/login - 499 null application/problem+json; charset=utf-8 571.7364ms
2024-09-02 13:24:11.838 +03:00 [INF] Request starting HTTP/2 POST https://localhost:44367/api/Register/login - multipart/form-data; boundary=----WebKitFormBoundaryeoaRRIh2r9T0Uk6D 357
2024-09-02 13:24:11.843 +03:00 [INF] CORS policy execution successful.
2024-09-02 13:24:11.844 +03:00 [INF] Executing endpoint 'WepAPICoreTasks1.Controllers.Register.Login (WepAPICoreTasks1)'
2024-09-02 13:24:11.844 +03:00 [INF] Route matched with {action = "Login", controller = "Register"}. Executing controller action with signature Microsoft.AspNetCore.Mvc.IActionResult Login(WepAPICoreTasks1.DTOs.UserRequestDTO) on controller WepAPICoreTasks1.Controllers.Register (WepAPICoreTasks1).
2024-09-02 13:24:11.876 +03:00 [INF] Executing BadRequestObjectResult, writing value of type 'Microsoft.AspNetCore.Mvc.ValidationProblemDetails'.
2024-09-02 13:24:11.879 +03:00 [INF] Executed action WepAPICoreTasks1.Controllers.Register.Login (WepAPICoreTasks1) in 34.577ms
2024-09-02 13:24:11.880 +03:00 [INF] Executed endpoint 'WepAPICoreTasks1.Controllers.Register.Login (WepAPICoreTasks1)'
2024-09-02 13:24:11.880 +03:00 [INF] Request finished HTTP/2 POST https://localhost:44367/api/Register/login - 499 null application/problem+json; charset=utf-8 69.8643ms
2024-09-02 13:26:08.975 +03:00 [INF] Request starting HTTP/2 POST https://localhost:44367/api/Register/login - multipart/form-data; boundary=----WebKitFormBoundaryprHGX1R8oNb2atTT 357
2024-09-02 13:26:08.997 +03:00 [INF] CORS policy execution successful.
2024-09-02 13:26:08.997 +03:00 [INF] Executing endpoint 'WepAPICoreTasks1.Controllers.Register.Login (WepAPICoreTasks1)'
2024-09-02 13:26:08.998 +03:00 [INF] Route matched with {action = "Login", controller = "Register"}. Executing controller action with signature Microsoft.AspNetCore.Mvc.IActionResult Login(WepAPICoreTasks1.DTOs.UserRequestDTO) on controller WepAPICoreTasks1.Controllers.Register (WepAPICoreTasks1).
2024-09-02 13:26:14.857 +03:00 [INF] Executed DbCommand (33ms) [Parameters=[@__model_Email_0='?' (Size = 100), @__model_Username_1='?' (Size = 50)], CommandType='"Text"', CommandTimeout='30']
SELECT TOP(1) [u].[UserID], [u].[Email], [u].[Password], [u].[PasswordHash], [u].[PasswordSalt], [u].[Username]
FROM [Users] AS [u]
WHERE [u].[Email] = @__model_Email_0 AND [u].[Username] = @__model_Username_1
2024-09-02 13:26:14.933 +03:00 [INF] Executing OkObjectResult, writing value of type 'System.String'.
2024-09-02 13:26:14.934 +03:00 [INF] Executed action WepAPICoreTasks1.Controllers.Register.Login (WepAPICoreTasks1) in 5936.0125ms
2024-09-02 13:26:14.934 +03:00 [INF] Executed endpoint 'WepAPICoreTasks1.Controllers.Register.Login (WepAPICoreTasks1)'
2024-09-02 13:26:14.941 +03:00 [INF] Request finished HTTP/2 POST https://localhost:44367/api/Register/login - 200 null text/plain; charset=utf-8 5966.8658ms
2024-09-02 13:26:34.608 +03:00 [INF] Request starting HTTP/2 POST https://localhost:44367/api/Register/login - multipart/form-data; boundary=----WebKitFormBoundaryrNkLtpo8bdvcOP2K 352
2024-09-02 13:26:34.609 +03:00 [INF] CORS policy execution successful.
2024-09-02 13:26:34.609 +03:00 [INF] Executing endpoint 'WepAPICoreTasks1.Controllers.Register.Login (WepAPICoreTasks1)'
2024-09-02 13:26:34.610 +03:00 [INF] Route matched with {action = "Login", controller = "Register"}. Executing controller action with signature Microsoft.AspNetCore.Mvc.IActionResult Login(WepAPICoreTasks1.DTOs.UserRequestDTO) on controller WepAPICoreTasks1.Controllers.Register (WepAPICoreTasks1).
2024-09-02 13:26:36.587 +03:00 [INF] Executed DbCommand (9ms) [Parameters=[@__model_Email_0='?' (Size = 100), @__model_Username_1='?' (Size = 50)], CommandType='"Text"', CommandTimeout='30']
SELECT TOP(1) [u].[UserID], [u].[Email], [u].[Password], [u].[PasswordHash], [u].[PasswordSalt], [u].[Username]
FROM [Users] AS [u]
WHERE [u].[Email] = @__model_Email_0 AND [u].[Username] = @__model_Username_1
2024-09-02 13:26:40.278 +03:00 [INF] Executed action WepAPICoreTasks1.Controllers.Register.Login (WepAPICoreTasks1) in 5668.0263ms
2024-09-02 13:26:40.279 +03:00 [INF] Executed endpoint 'WepAPICoreTasks1.Controllers.Register.Login (WepAPICoreTasks1)'
2024-09-02 13:26:40.282 +03:00 [ERR] An unhandled exception has occurred while executing the request.
System.ArgumentNullException: Value cannot be null. (Parameter 's')
   at System.ArgumentNullException.Throw(String paramName)
   at System.Text.Encoding.GetBytes(String s)
   at WepAPICoreTasks1.DTOs.PasswordHasherNew.VerifyPasswordHash(String password, Byte[] passworddHash, Byte[] passwordSalt) in C:\Users\Orange\Desktop\WepAPICoreTasks\WepAPICoreTasks\WepAPICoreTasks1\WepAPICoreTasks1\DTOs\PasswordHasherNew.cs:line 22
   at WepAPICoreTasks1.Controllers.Register.Login(UserRequestDTO model) in C:\Users\Orange\Desktop\WepAPICoreTasks\WepAPICoreTasks\WepAPICoreTasks1\WepAPICoreTasks1\Controllers\Register.cs:line 46
   at lambda_method3(Closure, Object, Object[])
   at Microsoft.AspNetCore.Mvc.Infrastructure.ActionMethodExecutor.SyncActionResultExecutor.Execute(ActionContext actionContext, IActionResultTypeMapper mapper, ObjectMethodExecutor executor, Object controller, Object[] arguments)
   at Microsoft.AspNetCore.Mvc.Infrastructure.ControllerActionInvoker.InvokeActionMethodAsync()
   at Microsoft.AspNetCore.Mvc.Infrastructure.ControllerActionInvoker.Next(State& next, Scope& scope, Object& state, Boolean& isCompleted)
   at Microsoft.AspNetCore.Mvc.Infrastructure.ControllerActionInvoker.InvokeNextActionFilterAsync()
--- End of stack trace from previous location ---
   at Microsoft.AspNetCore.Mvc.Infrastructure.ControllerActionInvoker.Rethrow(ActionExecutedContextSealed context)
   at Microsoft.AspNetCore.Mvc.Infrastructure.ControllerActionInvoker.Next(State& next, Scope& scope, Object& state, Boolean& isCompleted)
   at Microsoft.AspNetCore.Mvc.Infrastructure.ControllerActionInvoker.InvokeInnerFilterAsync()
--- End of stack trace from previous location ---
   at Microsoft.AspNetCore.Mvc.Infrastructure.ResourceInvoker.<InvokeFilterPipelineAsync>g__Awaited|20_0(ResourceInvoker invoker, Task lastTask, State next, Scope scope, Object state, Boolean isCompleted)
   at Microsoft.AspNetCore.Mvc.Infrastructure.ResourceInvoker.<InvokeAsync>g__Logged|17_1(ResourceInvoker invoker)
   at Microsoft.AspNetCore.Mvc.Infrastructure.ResourceInvoker.<InvokeAsync>g__Logged|17_1(ResourceInvoker invoker)
   at Microsoft.AspNetCore.Routing.EndpointMiddleware.<Invoke>g__AwaitRequestTask|7_0(Endpoint endpoint, Task requestTask, ILogger logger)
   at Microsoft.AspNetCore.Authorization.AuthorizationMiddleware.Invoke(HttpContext context)
   at Swashbuckle.AspNetCore.SwaggerUI.SwaggerUIMiddleware.Invoke(HttpContext httpContext)
   at Swashbuckle.AspNetCore.Swagger.SwaggerMiddleware.Invoke(HttpContext httpContext, ISwaggerProvider swaggerProvider)
   at Microsoft.AspNetCore.Authentication.AuthenticationMiddleware.Invoke(HttpContext context)
   at Microsoft.AspNetCore.Diagnostics.DeveloperExceptionPageMiddlewareImpl.Invoke(HttpContext context)
2024-09-02 13:26:40.330 +03:00 [INF] Request finished HTTP/2 POST https://localhost:44367/api/Register/login - 500 null text/plain; charset=utf-8 5723.9794ms
2024-09-02 13:26:55.713 +03:00 [INF] Request starting HTTP/2 POST https://localhost:44367/api/Register/login - multipart/form-data; boundary=----WebKitFormBoundaryyovK6qBFwG5GRREg 357
2024-09-02 13:26:55.715 +03:00 [INF] CORS policy execution successful.
2024-09-02 13:26:55.715 +03:00 [INF] Executing endpoint 'WepAPICoreTasks1.Controllers.Register.Login (WepAPICoreTasks1)'
2024-09-02 13:26:55.715 +03:00 [INF] Route matched with {action = "Login", controller = "Register"}. Executing controller action with signature Microsoft.AspNetCore.Mvc.IActionResult Login(WepAPICoreTasks1.DTOs.UserRequestDTO) on controller WepAPICoreTasks1.Controllers.Register (WepAPICoreTasks1).
2024-09-02 13:27:21.839 +03:00 [INF] Executed DbCommand (4ms) [Parameters=[@__model_Email_0='?' (Size = 100), @__model_Username_1='?' (Size = 50)], CommandType='"Text"', CommandTimeout='30']
SELECT TOP(1) [u].[UserID], [u].[Email], [u].[Password], [u].[PasswordHash], [u].[PasswordSalt], [u].[Username]
FROM [Users] AS [u]
WHERE [u].[Email] = @__model_Email_0 AND [u].[Username] = @__model_Username_1
2024-09-02 13:27:50.726 +03:00 [INF] Executing OkObjectResult, writing value of type 'System.String'.
2024-09-02 13:27:50.727 +03:00 [INF] Executed action WepAPICoreTasks1.Controllers.Register.Login (WepAPICoreTasks1) in 55011.2424ms
2024-09-02 13:27:50.727 +03:00 [INF] Executed endpoint 'WepAPICoreTasks1.Controllers.Register.Login (WepAPICoreTasks1)'
2024-09-02 13:27:50.728 +03:00 [INF] Request finished HTTP/2 POST https://localhost:44367/api/Register/login - 200 null text/plain; charset=utf-8 55014.6759ms
2024-09-02 13:28:11.416 +03:00 [INF] Request starting HTTP/2 POST https://localhost:44367/api/Register/login - multipart/form-data; boundary=----WebKitFormBoundaryIdoAs59tCoS8fuNw 357
2024-09-02 13:28:11.442 +03:00 [INF] CORS policy execution successful.
2024-09-02 13:28:11.444 +03:00 [INF] Executing endpoint 'WepAPICoreTasks1.Controllers.Register.Login (WepAPICoreTasks1)'
2024-09-02 13:28:11.444 +03:00 [INF] Route matched with {action = "Login", controller = "Register"}. Executing controller action with signature Microsoft.AspNetCore.Mvc.IActionResult Login(WepAPICoreTasks1.DTOs.UserRequestDTO) on controller WepAPICoreTasks1.Controllers.Register (WepAPICoreTasks1).
2024-09-02 13:28:11.453 +03:00 [INF] Executing BadRequestObjectResult, writing value of type 'Microsoft.AspNetCore.Mvc.ValidationProblemDetails'.
2024-09-02 13:28:11.455 +03:00 [INF] Executed action WepAPICoreTasks1.Controllers.Register.Login (WepAPICoreTasks1) in 10.3513ms
2024-09-02 13:28:11.455 +03:00 [INF] Executed endpoint 'WepAPICoreTasks1.Controllers.Register.Login (WepAPICoreTasks1)'
2024-09-02 13:28:11.456 +03:00 [INF] Request finished HTTP/2 POST https://localhost:44367/api/Register/login - 499 null application/problem+json; charset=utf-8 41.8431ms
2024-09-02 13:42:49.418 +03:00 [WRN] The WebRootPath was not found: C:\Users\Orange\Desktop\WepAPICoreTasks\WepAPICoreTasks\WepAPICoreTasks1\WepAPICoreTasks1\wwwroot. Static files may be unavailable.
2024-09-02 13:42:49.540 +03:00 [INF] Application started. Press Ctrl+C to shut down.
2024-09-02 13:42:49.550 +03:00 [INF] Hosting environment: Development
2024-09-02 13:42:49.550 +03:00 [INF] Content root path: C:\Users\Orange\Desktop\WepAPICoreTasks\WepAPICoreTasks\WepAPICoreTasks1\WepAPICoreTasks1
2024-09-02 13:42:49.607 +03:00 [INF] Request starting HTTP/2 GET https://localhost:44367/swagger/index.html - null null
2024-09-02 13:42:50.102 +03:00 [INF] Request finished HTTP/2 GET https://localhost:44367/swagger/index.html - 200 null text/html;charset=utf-8 503.2223ms
2024-09-02 13:42:50.158 +03:00 [INF] Request starting HTTP/2 GET https://localhost:44367/_vs/browserLink - null null
2024-09-02 13:42:50.158 +03:00 [INF] Request starting HTTP/2 GET https://localhost:44367/_framework/aspnetcore-browser-refresh.js - null null
2024-09-02 13:42:50.170 +03:00 [INF] Request finished HTTP/2 GET https://localhost:44367/_framework/aspnetcore-browser-refresh.js - 200 13768 application/javascript; charset=utf-8 6.1844ms
2024-09-02 13:42:50.257 +03:00 [INF] Request finished HTTP/2 GET https://localhost:44367/_vs/browserLink - 200 null text/javascript; charset=UTF-8 98.871ms
2024-09-02 13:42:50.312 +03:00 [INF] Request starting HTTP/2 GET https://localhost:44367/swagger/v1/swagger.json - null null
2024-09-02 13:42:50.627 +03:00 [INF] Request finished HTTP/2 GET https://localhost:44367/swagger/v1/swagger.json - 200 null application/json;charset=utf-8 312.4668ms
2024-09-02 13:43:02.939 +03:00 [INF] Request starting HTTP/2 POST https://localhost:44367/api/Register/login - multipart/form-data; boundary=----WebKitFormBoundarykSFCh53UuMKIzv47 341
2024-09-02 13:43:02.956 +03:00 [INF] CORS policy execution successful.
2024-09-02 13:43:02.967 +03:00 [INF] Executing endpoint 'WepAPICoreTasks1.Controllers.Register.Login (WepAPICoreTasks1)'
2024-09-02 13:43:03.009 +03:00 [INF] Route matched with {action = "Login", controller = "Register"}. Executing controller action with signature Microsoft.AspNetCore.Mvc.IActionResult Login(WepAPICoreTasks1.DTOs.UserRequestDTO) on controller WepAPICoreTasks1.Controllers.Register (WepAPICoreTasks1).
2024-09-02 13:43:11.402 +03:00 [INF] Executed DbCommand (38ms) [Parameters=[@__model_Email_0='?' (Size = 100), @__model_Username_1='?' (Size = 50)], CommandType='"Text"', CommandTimeout='30']
SELECT TOP(1) [u].[UserID], [u].[Email], [u].[Password], [u].[PasswordHash], [u].[PasswordSalt], [u].[Username]
FROM [Users] AS [u]
WHERE [u].[Email] = @__model_Email_0 AND [u].[Username] = @__model_Username_1
2024-09-02 13:43:24.475 +03:00 [INF] Executing OkObjectResult, writing value of type 'System.String'.
2024-09-02 13:43:24.482 +03:00 [INF] Executed action WepAPICoreTasks1.Controllers.Register.Login (WepAPICoreTasks1) in 21467.6869ms
2024-09-02 13:43:24.482 +03:00 [INF] Executed endpoint 'WepAPICoreTasks1.Controllers.Register.Login (WepAPICoreTasks1)'
2024-09-02 13:43:24.499 +03:00 [INF] Request finished HTTP/2 POST https://localhost:44367/api/Register/login - 200 null text/plain; charset=utf-8 21560.527ms
2024-09-02 13:44:06.021 +03:00 [INF] Request starting HTTP/2 POST https://localhost:44367/api/Register/login - multipart/form-data; boundary=----WebKitFormBoundary0ustxDjwGlQtr4z1 341
2024-09-02 13:44:06.025 +03:00 [INF] CORS policy execution successful.
2024-09-02 13:44:06.025 +03:00 [INF] Executing endpoint 'WepAPICoreTasks1.Controllers.Register.Login (WepAPICoreTasks1)'
2024-09-02 13:44:06.026 +03:00 [INF] Route matched with {action = "Login", controller = "Register"}. Executing controller action with signature Microsoft.AspNetCore.Mvc.IActionResult Login(WepAPICoreTasks1.DTOs.UserRequestDTO) on controller WepAPICoreTasks1.Controllers.Register (WepAPICoreTasks1).
2024-09-02 13:44:08.362 +03:00 [INF] Executed DbCommand (10ms) [Parameters=[@__model_Email_0='?' (Size = 100), @__model_Username_1='?' (Size = 50)], CommandType='"Text"', CommandTimeout='30']
SELECT TOP(1) [u].[UserID], [u].[Email], [u].[Password], [u].[PasswordHash], [u].[PasswordSalt], [u].[Username]
FROM [Users] AS [u]
WHERE [u].[Email] = @__model_Email_0 AND [u].[Username] = @__model_Username_1
2024-09-02 13:44:08.364 +03:00 [INF] Executing OkObjectResult, writing value of type 'System.String'.
2024-09-02 13:44:08.367 +03:00 [INF] Executed action WepAPICoreTasks1.Controllers.Register.Login (WepAPICoreTasks1) in 2340.5101ms
2024-09-02 13:44:08.367 +03:00 [INF] Executed endpoint 'WepAPICoreTasks1.Controllers.Register.Login (WepAPICoreTasks1)'
2024-09-02 13:44:08.368 +03:00 [INF] Request finished HTTP/2 POST https://localhost:44367/api/Register/login - 200 null text/plain; charset=utf-8 2347.047ms
2024-09-02 13:44:21.153 +03:00 [INF] Request starting HTTP/2 POST https://localhost:44367/api/Register/login - multipart/form-data; boundary=----WebKitFormBoundary0OfuOyRnqAHFBvlu 341
2024-09-02 13:44:21.154 +03:00 [INF] CORS policy execution successful.
2024-09-02 13:44:21.155 +03:00 [INF] Executing endpoint 'WepAPICoreTasks1.Controllers.Register.Login (WepAPICoreTasks1)'
2024-09-02 13:44:21.155 +03:00 [INF] Route matched with {action = "Login", controller = "Register"}. Executing controller action with signature Microsoft.AspNetCore.Mvc.IActionResult Login(WepAPICoreTasks1.DTOs.UserRequestDTO) on controller WepAPICoreTasks1.Controllers.Register (WepAPICoreTasks1).
2024-09-02 13:44:23.098 +03:00 [INF] Executed DbCommand (5ms) [Parameters=[@__model_Email_0='?' (Size = 100), @__model_Username_1='?' (Size = 50)], CommandType='"Text"', CommandTimeout='30']
SELECT TOP(1) [u].[UserID], [u].[Email], [u].[Password], [u].[PasswordHash], [u].[PasswordSalt], [u].[Username]
FROM [Users] AS [u]
WHERE [u].[Email] = @__model_Email_0 AND [u].[Username] = @__model_Username_1
2024-09-02 13:44:23.099 +03:00 [INF] Executing OkObjectResult, writing value of type 'System.String'.
2024-09-02 13:44:23.100 +03:00 [INF] Executed action WepAPICoreTasks1.Controllers.Register.Login (WepAPICoreTasks1) in 1944.9944ms
2024-09-02 13:44:23.100 +03:00 [INF] Executed endpoint 'WepAPICoreTasks1.Controllers.Register.Login (WepAPICoreTasks1)'
2024-09-02 13:44:23.101 +03:00 [INF] Request finished HTTP/2 POST https://localhost:44367/api/Register/login - 200 null text/plain; charset=utf-8 1948.184ms
2024-09-02 14:57:02.881 +03:00 [WRN] The WebRootPath was not found: C:\Users\Orange\Desktop\WepAPICoreTasks\WepAPICoreTasks\WepAPICoreTasks1\WepAPICoreTasks1\wwwroot. Static files may be unavailable.
2024-09-02 14:57:02.928 +03:00 [INF] Application started. Press Ctrl+C to shut down.
2024-09-02 14:57:02.928 +03:00 [INF] Hosting environment: Development
2024-09-02 14:57:02.928 +03:00 [INF] Content root path: C:\Users\Orange\Desktop\WepAPICoreTasks\WepAPICoreTasks\WepAPICoreTasks1\WepAPICoreTasks1
2024-09-02 14:57:02.941 +03:00 [INF] Request starting HTTP/2 GET https://localhost:44367/swagger/index.html - null null
2024-09-02 14:57:03.107 +03:00 [INF] Request finished HTTP/2 GET https://localhost:44367/swagger/index.html - 200 null text/html;charset=utf-8 167.463ms
2024-09-02 14:57:03.114 +03:00 [INF] Request starting HTTP/2 GET https://localhost:44367/_framework/aspnetcore-browser-refresh.js - null null
2024-09-02 14:57:03.114 +03:00 [INF] Request starting HTTP/2 GET https://localhost:44367/_vs/browserLink - null null
2024-09-02 14:57:03.118 +03:00 [INF] Request finished HTTP/2 GET https://localhost:44367/_framework/aspnetcore-browser-refresh.js - 200 13768 application/javascript; charset=utf-8 3.9163ms
2024-09-02 14:57:03.147 +03:00 [INF] Request finished HTTP/2 GET https://localhost:44367/_vs/browserLink - 200 null text/javascript; charset=UTF-8 33.2013ms
2024-09-02 14:57:03.322 +03:00 [INF] Request starting HTTP/2 GET https://localhost:44367/swagger/v1/swagger.json - null null
2024-09-02 14:57:03.426 +03:00 [INF] Request finished HTTP/2 GET https://localhost:44367/swagger/v1/swagger.json - 200 null application/json;charset=utf-8 103.0497ms
2024-09-02 14:57:14.468 +03:00 [INF] Request starting HTTP/2 POST https://localhost:44367/api/Register/register - multipart/form-data; boundary=----WebKitFormBoundaryRqkQuraRBtlYotp5 445
2024-09-02 14:57:14.471 +03:00 [INF] CORS policy execution successful.
2024-09-02 14:57:14.475 +03:00 [INF] Executing endpoint 'WepAPICoreTasks1.Controllers.Register.addUser (WepAPICoreTasks1)'
2024-09-02 14:57:14.487 +03:00 [INF] Route matched with {action = "addUser", controller = "Register"}. Executing controller action with signature Microsoft.AspNetCore.Mvc.IActionResult addUser(WepAPICoreTasks1.DTOs.UserRequestDTO) on controller WepAPICoreTasks1.Controllers.Register (WepAPICoreTasks1).
2024-09-02 14:57:15.229 +03:00 [INF] Executed DbCommand (28ms) [Parameters=[@p0='?' (Size = 100), @p1='?' (Size = 50), @p2='?' (Size = 8000) (DbType = Binary), @p3='?' (Size = 8000) (DbType = Binary), @p4='?' (Size = 50)], CommandType='"Text"', CommandTimeout='30']
SET IMPLICIT_TRANSACTIONS OFF;
SET NOCOUNT ON;
INSERT INTO [Users] ([Email], [Password], [PasswordHash], [PasswordSalt], [Username])
OUTPUT INSERTED.[UserID]
VALUES (@p0, @p1, @p2, @p3, @p4);
2024-09-02 14:57:15.255 +03:00 [INF] Executing OkObjectResult, writing value of type 'WepAPICoreTasks1.Models.User'.
2024-09-02 14:57:15.269 +03:00 [INF] Executed action WepAPICoreTasks1.Controllers.Register.addUser (WepAPICoreTasks1) in 779.7114ms
2024-09-02 14:57:15.269 +03:00 [INF] Executed endpoint 'WepAPICoreTasks1.Controllers.Register.addUser (WepAPICoreTasks1)'
2024-09-02 14:57:15.276 +03:00 [INF] Request finished HTTP/2 POST https://localhost:44367/api/Register/register - 200 null application/json; charset=utf-8 807.7506ms
2024-09-02 14:58:40.573 +03:00 [INF] Request starting HTTP/2 POST https://localhost:44367/api/Register/login - multipart/form-data; boundary=----WebKitFormBoundaryAwZLV0TJ3lmcBUbF 339
2024-09-02 14:58:40.574 +03:00 [INF] CORS policy execution successful.
2024-09-02 14:58:40.575 +03:00 [INF] Executing endpoint 'WepAPICoreTasks1.Controllers.Register.Login (WepAPICoreTasks1)'
2024-09-02 14:58:40.577 +03:00 [INF] Route matched with {action = "Login", controller = "Register"}. Executing controller action with signature Microsoft.AspNetCore.Mvc.IActionResult Login(WepAPICoreTasks1.DTOs.UserRequestDTO) on controller WepAPICoreTasks1.Controllers.Register (WepAPICoreTasks1).
2024-09-02 14:58:40.767 +03:00 [INF] Executed DbCommand (9ms) [Parameters=[@__model_Email_0='?' (Size = 100), @__model_Username_1='?' (Size = 50)], CommandType='"Text"', CommandTimeout='30']
SELECT TOP(1) [u].[UserID], [u].[Email], [u].[Password], [u].[PasswordHash], [u].[PasswordSalt], [u].[Username]
FROM [Users] AS [u]
WHERE [u].[Email] = @__model_Email_0 AND [u].[Username] = @__model_Username_1
2024-09-02 14:58:40.771 +03:00 [INF] Executing OkObjectResult, writing value of type 'System.String'.
2024-09-02 14:58:40.772 +03:00 [INF] Executed action WepAPICoreTasks1.Controllers.Register.Login (WepAPICoreTasks1) in 194.7077ms
2024-09-02 14:58:40.772 +03:00 [INF] Executed endpoint 'WepAPICoreTasks1.Controllers.Register.Login (WepAPICoreTasks1)'
2024-09-02 14:58:40.772 +03:00 [INF] Request finished HTTP/2 POST https://localhost:44367/api/Register/login - 200 null text/plain; charset=utf-8 199.2106ms
2024-09-02 16:11:47.951 +03:00 [WRN] The WebRootPath was not found: C:\Users\Orange\Desktop\WepAPICoreTasks\WepAPICoreTasks\WepAPICoreTasks1\WepAPICoreTasks1\wwwroot. Static files may be unavailable.
2024-09-02 16:11:47.992 +03:00 [INF] Application started. Press Ctrl+C to shut down.
2024-09-02 16:11:47.992 +03:00 [INF] Hosting environment: Development
2024-09-02 16:11:47.992 +03:00 [INF] Content root path: C:\Users\Orange\Desktop\WepAPICoreTasks\WepAPICoreTasks\WepAPICoreTasks1\WepAPICoreTasks1
2024-09-02 16:11:48.001 +03:00 [INF] Request starting HTTP/2 GET https://localhost:44367/swagger/index.html - null null
2024-09-02 16:11:48.139 +03:00 [INF] Request finished HTTP/2 GET https://localhost:44367/swagger/index.html - 200 null text/html;charset=utf-8 138.9498ms
2024-09-02 16:11:48.146 +03:00 [INF] Request starting HTTP/2 GET https://localhost:44367/_vs/browserLink - null null
2024-09-02 16:11:48.146 +03:00 [INF] Request starting HTTP/2 GET https://localhost:44367/_framework/aspnetcore-browser-refresh.js - null null
2024-09-02 16:11:48.148 +03:00 [INF] Request finished HTTP/2 GET https://localhost:44367/_framework/aspnetcore-browser-refresh.js - 200 13768 application/javascript; charset=utf-8 2.3539ms
2024-09-02 16:11:48.166 +03:00 [INF] Request finished HTTP/2 GET https://localhost:44367/_vs/browserLink - 200 null text/javascript; charset=UTF-8 20.188ms
2024-09-02 16:11:48.268 +03:00 [INF] Request starting HTTP/2 GET https://localhost:44367/swagger/v1/swagger.json - null null
2024-09-02 16:11:48.351 +03:00 [INF] Request finished HTTP/2 GET https://localhost:44367/swagger/v1/swagger.json - 200 null application/json;charset=utf-8 82.9924ms
2024-09-02 16:12:01.036 +03:00 [INF] Request starting HTTP/2 GET https://localhost:44367/api/Users/name/5 - null null
2024-09-02 16:12:01.043 +03:00 [INF] Executing endpoint 'WepAPICoreTasks1.Controllers.UsersController.GetNameById (WepAPICoreTasks1)'
2024-09-02 16:12:01.057 +03:00 [INF] Route matched with {action = "GetNameById", controller = "Users"}. Executing controller action with signature Microsoft.AspNetCore.Mvc.IActionResult GetNameById(Int32) on controller WepAPICoreTasks1.Controllers.UsersController (WepAPICoreTasks1).
2024-09-02 16:12:01.680 +03:00 [INF] Executing OkObjectResult, writing value of type 'Microsoft.EntityFrameworkCore.Query.Internal.EntityQueryable`1[[WepAPICoreTasks1.Models.User, WepAPICoreTasks1, Version=1.0.0.0, Culture=neutral, PublicKeyToken=null]]'.
2024-09-02 16:12:02.125 +03:00 [INF] Executed DbCommand (41ms) [Parameters=[@__id_0='?' (DbType = Int32)], CommandType='"Text"', CommandTimeout='30']
SELECT [u].[UserID], [u].[Email], [u].[Password], [u].[PasswordHash], [u].[PasswordSalt], [u].[Username]
FROM [Users] AS [u]
WHERE [u].[UserID] = @__id_0
2024-09-02 16:12:02.184 +03:00 [INF] Executed action WepAPICoreTasks1.Controllers.UsersController.GetNameById (WepAPICoreTasks1) in 1124.7736ms
2024-09-02 16:12:02.185 +03:00 [INF] Executed endpoint 'WepAPICoreTasks1.Controllers.UsersController.GetNameById (WepAPICoreTasks1)'
2024-09-02 16:12:02.190 +03:00 [INF] Request finished HTTP/2 GET https://localhost:44367/api/Users/name/5 - 200 null application/json; charset=utf-8 1153.9472ms
2024-09-02 16:12:33.707 +03:00 [WRN] The WebRootPath was not found: C:\Users\Orange\Desktop\WepAPICoreTasks\WepAPICoreTasks\WepAPICoreTasks1\WepAPICoreTasks1\wwwroot. Static files may be unavailable.
2024-09-02 16:12:33.750 +03:00 [INF] Application started. Press Ctrl+C to shut down.
2024-09-02 16:12:33.750 +03:00 [INF] Hosting environment: Development
2024-09-02 16:12:33.750 +03:00 [INF] Content root path: C:\Users\Orange\Desktop\WepAPICoreTasks\WepAPICoreTasks\WepAPICoreTasks1\WepAPICoreTasks1
2024-09-02 16:12:33.760 +03:00 [INF] Request starting HTTP/2 GET https://localhost:44367/swagger/index.html - null null
2024-09-02 16:12:33.902 +03:00 [INF] Request finished HTTP/2 GET https://localhost:44367/swagger/index.html - 200 null text/html;charset=utf-8 143.484ms
2024-09-02 16:12:33.905 +03:00 [INF] Request starting HTTP/2 GET https://localhost:44367/_vs/browserLink - null null
2024-09-02 16:12:33.905 +03:00 [INF] Request starting HTTP/2 GET https://localhost:44367/_framework/aspnetcore-browser-refresh.js - null null
2024-09-02 16:12:33.908 +03:00 [INF] Request finished HTTP/2 GET https://localhost:44367/_framework/aspnetcore-browser-refresh.js - 200 13768 application/javascript; charset=utf-8 2.3432ms
2024-09-02 16:12:33.928 +03:00 [INF] Request finished HTTP/2 GET https://localhost:44367/_vs/browserLink - 200 null text/javascript; charset=UTF-8 22.2052ms
2024-09-02 16:12:33.975 +03:00 [INF] Request starting HTTP/2 GET https://localhost:44367/swagger/v1/swagger.json - null null
2024-09-02 16:12:34.057 +03:00 [INF] Request finished HTTP/2 GET https://localhost:44367/swagger/v1/swagger.json - 200 null application/json;charset=utf-8 81.9539ms
2024-09-02 16:12:42.696 +03:00 [INF] Request starting HTTP/2 GET https://localhost:44367/api/Users/name/1 - null null
2024-09-02 16:12:42.701 +03:00 [INF] Executing endpoint 'WepAPICoreTasks1.Controllers.UsersController.GetNameById (WepAPICoreTasks1)'
2024-09-02 16:12:42.715 +03:00 [INF] Route matched with {action = "GetNameById", controller = "Users"}. Executing controller action with signature Microsoft.AspNetCore.Mvc.IActionResult GetNameById(Int32) on controller WepAPICoreTasks1.Controllers.UsersController (WepAPICoreTasks1).
2024-09-02 16:12:43.368 +03:00 [INF] Executing OkObjectResult, writing value of type 'Microsoft.EntityFrameworkCore.Query.Internal.EntityQueryable`1[[WepAPICoreTasks1.Models.User, WepAPICoreTasks1, Version=1.0.0.0, Culture=neutral, PublicKeyToken=null]]'.
2024-09-02 16:12:43.809 +03:00 [INF] Executed DbCommand (36ms) [Parameters=[@__id_0='?' (DbType = Int32)], CommandType='"Text"', CommandTimeout='30']
SELECT [u].[UserID], [u].[Email], [u].[Password], [u].[PasswordHash], [u].[PasswordSalt], [u].[Username]
FROM [Users] AS [u]
WHERE [u].[UserID] = @__id_0
2024-09-02 16:12:43.870 +03:00 [INF] Executed action WepAPICoreTasks1.Controllers.UsersController.GetNameById (WepAPICoreTasks1) in 1152.0244ms
2024-09-02 16:12:43.870 +03:00 [INF] Executed endpoint 'WepAPICoreTasks1.Controllers.UsersController.GetNameById (WepAPICoreTasks1)'
2024-09-02 16:12:43.875 +03:00 [INF] Request finished HTTP/2 GET https://localhost:44367/api/Users/name/1 - 200 null application/json; charset=utf-8 1179.5513ms
2024-09-02 16:12:55.976 +03:00 [INF] Request starting HTTP/2 GET https://localhost:44367/api/Users/name/13 - null null
2024-09-02 16:12:55.978 +03:00 [INF] Executing endpoint 'WepAPICoreTasks1.Controllers.UsersController.GetNameById (WepAPICoreTasks1)'
2024-09-02 16:12:55.979 +03:00 [INF] Route matched with {action = "GetNameById", controller = "Users"}. Executing controller action with signature Microsoft.AspNetCore.Mvc.IActionResult GetNameById(Int32) on controller WepAPICoreTasks1.Controllers.UsersController (WepAPICoreTasks1).
2024-09-02 16:12:55.999 +03:00 [INF] Executing OkObjectResult, writing value of type 'Microsoft.EntityFrameworkCore.Query.Internal.EntityQueryable`1[[WepAPICoreTasks1.Models.User, WepAPICoreTasks1, Version=1.0.0.0, Culture=neutral, PublicKeyToken=null]]'.
2024-09-02 16:12:56.008 +03:00 [INF] Executed DbCommand (2ms) [Parameters=[@__id_0='?' (DbType = Int32)], CommandType='"Text"', CommandTimeout='30']
SELECT [u].[UserID], [u].[Email], [u].[Password], [u].[PasswordHash], [u].[PasswordSalt], [u].[Username]
FROM [Users] AS [u]
WHERE [u].[UserID] = @__id_0
2024-09-02 16:12:56.009 +03:00 [INF] Executed action WepAPICoreTasks1.Controllers.UsersController.GetNameById (WepAPICoreTasks1) in 30.4724ms
2024-09-02 16:12:56.010 +03:00 [INF] Executed endpoint 'WepAPICoreTasks1.Controllers.UsersController.GetNameById (WepAPICoreTasks1)'
2024-09-02 16:12:56.010 +03:00 [INF] Request finished HTTP/2 GET https://localhost:44367/api/Users/name/13 - 200 null application/json; charset=utf-8 34.588ms
2024-09-02 16:13:06.501 +03:00 [INF] Request starting HTTP/2 GET https://localhost:44367/api/Users/name/-1 - null null
2024-09-02 16:13:06.502 +03:00 [INF] Executing endpoint 'WepAPICoreTasks1.Controllers.UsersController.GetNameById (WepAPICoreTasks1)'
2024-09-02 16:13:06.502 +03:00 [INF] Route matched with {action = "GetNameById", controller = "Users"}. Executing controller action with signature Microsoft.AspNetCore.Mvc.IActionResult GetNameById(Int32) on controller WepAPICoreTasks1.Controllers.UsersController (WepAPICoreTasks1).
2024-09-02 16:13:06.509 +03:00 [INF] Executing BadRequestObjectResult, writing value of type 'System.String'.
2024-09-02 16:13:06.510 +03:00 [INF] Executed action WepAPICoreTasks1.Controllers.UsersController.GetNameById (WepAPICoreTasks1) in 7.9971ms
2024-09-02 16:13:06.510 +03:00 [INF] Executed endpoint 'WepAPICoreTasks1.Controllers.UsersController.GetNameById (WepAPICoreTasks1)'
2024-09-02 16:13:06.511 +03:00 [INF] Request finished HTTP/2 GET https://localhost:44367/api/Users/name/-1 - 400 null text/plain; charset=utf-8 9.1639ms
2024-09-02 16:13:15.438 +03:00 [INF] Request starting HTTP/2 GET https://localhost:44367/api/Users/name/100 - null null
2024-09-02 16:13:15.438 +03:00 [INF] Executing endpoint 'WepAPICoreTasks1.Controllers.UsersController.GetNameById (WepAPICoreTasks1)'
2024-09-02 16:13:15.438 +03:00 [INF] Route matched with {action = "GetNameById", controller = "Users"}. Executing controller action with signature Microsoft.AspNetCore.Mvc.IActionResult GetNameById(Int32) on controller WepAPICoreTasks1.Controllers.UsersController (WepAPICoreTasks1).
2024-09-02 16:13:15.474 +03:00 [INF] Executing OkObjectResult, writing value of type 'Microsoft.EntityFrameworkCore.Query.Internal.EntityQueryable`1[[WepAPICoreTasks1.Models.User, WepAPICoreTasks1, Version=1.0.0.0, Culture=neutral, PublicKeyToken=null]]'.
2024-09-02 16:13:15.479 +03:00 [INF] Executed DbCommand (2ms) [Parameters=[@__id_0='?' (DbType = Int32)], CommandType='"Text"', CommandTimeout='30']
SELECT [u].[UserID], [u].[Email], [u].[Password], [u].[PasswordHash], [u].[PasswordSalt], [u].[Username]
FROM [Users] AS [u]
WHERE [u].[UserID] = @__id_0
2024-09-02 16:13:15.479 +03:00 [INF] Executed action WepAPICoreTasks1.Controllers.UsersController.GetNameById (WepAPICoreTasks1) in 41.1945ms
2024-09-02 16:13:15.480 +03:00 [INF] Executed endpoint 'WepAPICoreTasks1.Controllers.UsersController.GetNameById (WepAPICoreTasks1)'
2024-09-02 16:13:15.480 +03:00 [INF] Request finished HTTP/2 GET https://localhost:44367/api/Users/name/100 - 200 null application/json; charset=utf-8 42.2135ms
2024-09-02 16:13:52.212 +03:00 [INF] Request starting HTTP/2 GET https://localhost:44367/api/Users/name/13 - null null
2024-09-02 16:13:52.212 +03:00 [INF] Executing endpoint 'WepAPICoreTasks1.Controllers.UsersController.GetNameById (WepAPICoreTasks1)'
2024-09-02 16:13:52.212 +03:00 [INF] Route matched with {action = "GetNameById", controller = "Users"}. Executing controller action with signature Microsoft.AspNetCore.Mvc.IActionResult GetNameById(Int32) on controller WepAPICoreTasks1.Controllers.UsersController (WepAPICoreTasks1).
2024-09-02 16:13:52.214 +03:00 [INF] Executing OkObjectResult, writing value of type 'Microsoft.EntityFrameworkCore.Query.Internal.EntityQueryable`1[[WepAPICoreTasks1.Models.User, WepAPICoreTasks1, Version=1.0.0.0, Culture=neutral, PublicKeyToken=null]]'.
2024-09-02 16:13:52.215 +03:00 [INF] Executed DbCommand (1ms) [Parameters=[@__id_0='?' (DbType = Int32)], CommandType='"Text"', CommandTimeout='30']
SELECT [u].[UserID], [u].[Email], [u].[Password], [u].[PasswordHash], [u].[PasswordSalt], [u].[Username]
FROM [Users] AS [u]
WHERE [u].[UserID] = @__id_0
2024-09-02 16:13:52.216 +03:00 [INF] Executed action WepAPICoreTasks1.Controllers.UsersController.GetNameById (WepAPICoreTasks1) in 3.159ms
2024-09-02 16:13:52.216 +03:00 [INF] Executed endpoint 'WepAPICoreTasks1.Controllers.UsersController.GetNameById (WepAPICoreTasks1)'
2024-09-02 16:13:52.216 +03:00 [INF] Request finished HTTP/2 GET https://localhost:44367/api/Users/name/13 - 200 null application/json; charset=utf-8 4.0111ms
2024-09-02 16:14:13.122 +03:00 [INF] Request starting HTTP/2 GET https://localhost:44367/api/Users/name/1 - null null
2024-09-02 16:14:13.122 +03:00 [INF] Executing endpoint 'WepAPICoreTasks1.Controllers.UsersController.GetNameById (WepAPICoreTasks1)'
2024-09-02 16:14:13.122 +03:00 [INF] Route matched with {action = "GetNameById", controller = "Users"}. Executing controller action with signature Microsoft.AspNetCore.Mvc.IActionResult GetNameById(Int32) on controller WepAPICoreTasks1.Controllers.UsersController (WepAPICoreTasks1).
2024-09-02 16:14:13.124 +03:00 [INF] Executing OkObjectResult, writing value of type 'Microsoft.EntityFrameworkCore.Query.Internal.EntityQueryable`1[[WepAPICoreTasks1.Models.User, WepAPICoreTasks1, Version=1.0.0.0, Culture=neutral, PublicKeyToken=null]]'.
2024-09-02 16:14:13.126 +03:00 [INF] Executed DbCommand (2ms) [Parameters=[@__id_0='?' (DbType = Int32)], CommandType='"Text"', CommandTimeout='30']
SELECT [u].[UserID], [u].[Email], [u].[Password], [u].[PasswordHash], [u].[PasswordSalt], [u].[Username]
FROM [Users] AS [u]
WHERE [u].[UserID] = @__id_0
2024-09-02 16:14:13.128 +03:00 [INF] Executed action WepAPICoreTasks1.Controllers.UsersController.GetNameById (WepAPICoreTasks1) in 5.3697ms
2024-09-02 16:14:13.128 +03:00 [INF] Executed endpoint 'WepAPICoreTasks1.Controllers.UsersController.GetNameById (WepAPICoreTasks1)'
2024-09-02 16:14:13.128 +03:00 [INF] Request finished HTTP/2 GET https://localhost:44367/api/Users/name/1 - 200 null application/json; charset=utf-8 6.3294ms
2024-09-02 16:27:46.825 +03:00 [INF] Request starting HTTP/2 GET https://localhost:44367/api/Users/name/1 - null null
2024-09-02 16:27:46.827 +03:00 [INF] CORS policy execution successful.
2024-09-02 16:27:46.828 +03:00 [INF] Executing endpoint 'WepAPICoreTasks1.Controllers.UsersController.GetNameById (WepAPICoreTasks1)'
2024-09-02 16:27:46.828 +03:00 [INF] Route matched with {action = "GetNameById", controller = "Users"}. Executing controller action with signature Microsoft.AspNetCore.Mvc.IActionResult GetNameById(Int32) on controller WepAPICoreTasks1.Controllers.UsersController (WepAPICoreTasks1).
2024-09-02 16:27:46.830 +03:00 [INF] Executing OkObjectResult, writing value of type 'Microsoft.EntityFrameworkCore.Query.Internal.EntityQueryable`1[[WepAPICoreTasks1.Models.User, WepAPICoreTasks1, Version=1.0.0.0, Culture=neutral, PublicKeyToken=null]]'.
2024-09-02 16:27:46.852 +03:00 [INF] Executed DbCommand (9ms) [Parameters=[@__id_0='?' (DbType = Int32)], CommandType='"Text"', CommandTimeout='30']
SELECT [u].[UserID], [u].[Email], [u].[Password], [u].[PasswordHash], [u].[PasswordSalt], [u].[Username]
FROM [Users] AS [u]
WHERE [u].[UserID] = @__id_0
2024-09-02 16:27:46.854 +03:00 [INF] Executed action WepAPICoreTasks1.Controllers.UsersController.GetNameById (WepAPICoreTasks1) in 25.0761ms
2024-09-02 16:27:46.854 +03:00 [INF] Executed endpoint 'WepAPICoreTasks1.Controllers.UsersController.GetNameById (WepAPICoreTasks1)'
2024-09-02 16:27:46.854 +03:00 [INF] Request finished HTTP/2 GET https://localhost:44367/api/Users/name/1 - 200 null application/json; charset=utf-8 28.6152ms
2024-09-02 16:28:57.125 +03:00 [INF] Request starting HTTP/2 GET https://localhost:44367/api/Users/name/1 - null null
2024-09-02 16:28:57.125 +03:00 [INF] CORS policy execution successful.
2024-09-02 16:28:57.126 +03:00 [INF] Executing endpoint 'WepAPICoreTasks1.Controllers.UsersController.GetNameById (WepAPICoreTasks1)'
2024-09-02 16:28:57.126 +03:00 [INF] Route matched with {action = "GetNameById", controller = "Users"}. Executing controller action with signature Microsoft.AspNetCore.Mvc.IActionResult GetNameById(Int32) on controller WepAPICoreTasks1.Controllers.UsersController (WepAPICoreTasks1).
2024-09-02 16:28:57.127 +03:00 [INF] Executing OkObjectResult, writing value of type 'Microsoft.EntityFrameworkCore.Query.Internal.EntityQueryable`1[[WepAPICoreTasks1.Models.User, WepAPICoreTasks1, Version=1.0.0.0, Culture=neutral, PublicKeyToken=null]]'.
2024-09-02 16:28:57.131 +03:00 [INF] Executed DbCommand (2ms) [Parameters=[@__id_0='?' (DbType = Int32)], CommandType='"Text"', CommandTimeout='30']
SELECT [u].[UserID], [u].[Email], [u].[Password], [u].[PasswordHash], [u].[PasswordSalt], [u].[Username]
FROM [Users] AS [u]
WHERE [u].[UserID] = @__id_0
2024-09-02 16:28:57.132 +03:00 [INF] Executed action WepAPICoreTasks1.Controllers.UsersController.GetNameById (WepAPICoreTasks1) in 5.5881ms
2024-09-02 16:28:57.132 +03:00 [INF] Executed endpoint 'WepAPICoreTasks1.Controllers.UsersController.GetNameById (WepAPICoreTasks1)'
2024-09-02 16:28:57.132 +03:00 [INF] Request finished HTTP/2 GET https://localhost:44367/api/Users/name/1 - 200 null application/json; charset=utf-8 7.1189ms
2024-09-02 16:29:57.870 +03:00 [INF] Request starting HTTP/2 GET https://localhost:44367/api/Users/name/1 - null null
2024-09-02 16:29:57.870 +03:00 [INF] CORS policy execution successful.
2024-09-02 16:29:57.871 +03:00 [INF] Executing endpoint 'WepAPICoreTasks1.Controllers.UsersController.GetNameById (WepAPICoreTasks1)'
2024-09-02 16:29:57.871 +03:00 [INF] Route matched with {action = "GetNameById", controller = "Users"}. Executing controller action with signature Microsoft.AspNetCore.Mvc.IActionResult GetNameById(Int32) on controller WepAPICoreTasks1.Controllers.UsersController (WepAPICoreTasks1).
2024-09-02 16:29:57.872 +03:00 [INF] Executing OkObjectResult, writing value of type 'Microsoft.EntityFrameworkCore.Query.Internal.EntityQueryable`1[[WepAPICoreTasks1.Models.User, WepAPICoreTasks1, Version=1.0.0.0, Culture=neutral, PublicKeyToken=null]]'.
2024-09-02 16:29:57.874 +03:00 [INF] Executed DbCommand (2ms) [Parameters=[@__id_0='?' (DbType = Int32)], CommandType='"Text"', CommandTimeout='30']
SELECT [u].[UserID], [u].[Email], [u].[Password], [u].[PasswordHash], [u].[PasswordSalt], [u].[Username]
FROM [Users] AS [u]
WHERE [u].[UserID] = @__id_0
2024-09-02 16:29:57.875 +03:00 [INF] Executed action WepAPICoreTasks1.Controllers.UsersController.GetNameById (WepAPICoreTasks1) in 4.4482ms
2024-09-02 16:29:57.875 +03:00 [INF] Executed endpoint 'WepAPICoreTasks1.Controllers.UsersController.GetNameById (WepAPICoreTasks1)'
2024-09-02 16:29:57.875 +03:00 [INF] Request finished HTTP/2 GET https://localhost:44367/api/Users/name/1 - 200 null application/json; charset=utf-8 5.1842ms
2024-09-02 16:30:48.039 +03:00 [INF] Request starting HTTP/2 GET https://localhost:44367/api/Users/name/1 - null null
2024-09-02 16:30:48.039 +03:00 [INF] CORS policy execution successful.
2024-09-02 16:30:48.039 +03:00 [INF] Executing endpoint 'WepAPICoreTasks1.Controllers.UsersController.GetNameById (WepAPICoreTasks1)'
2024-09-02 16:30:48.039 +03:00 [INF] Route matched with {action = "GetNameById", controller = "Users"}. Executing controller action with signature Microsoft.AspNetCore.Mvc.IActionResult GetNameById(Int32) on controller WepAPICoreTasks1.Controllers.UsersController (WepAPICoreTasks1).
2024-09-02 16:30:48.040 +03:00 [INF] Executing OkObjectResult, writing value of type 'Microsoft.EntityFrameworkCore.Query.Internal.EntityQueryable`1[[WepAPICoreTasks1.Models.User, WepAPICoreTasks1, Version=1.0.0.0, Culture=neutral, PublicKeyToken=null]]'.
2024-09-02 16:30:48.044 +03:00 [INF] Executed DbCommand (2ms) [Parameters=[@__id_0='?' (DbType = Int32)], CommandType='"Text"', CommandTimeout='30']
SELECT [u].[UserID], [u].[Email], [u].[Password], [u].[PasswordHash], [u].[PasswordSalt], [u].[Username]
FROM [Users] AS [u]
WHERE [u].[UserID] = @__id_0
2024-09-02 16:30:48.044 +03:00 [INF] Executed action WepAPICoreTasks1.Controllers.UsersController.GetNameById (WepAPICoreTasks1) in 5.1459ms
2024-09-02 16:30:48.044 +03:00 [INF] Executed endpoint 'WepAPICoreTasks1.Controllers.UsersController.GetNameById (WepAPICoreTasks1)'
2024-09-02 16:30:48.045 +03:00 [INF] Request finished HTTP/2 GET https://localhost:44367/api/Users/name/1 - 200 null application/json; charset=utf-8 5.9868ms
2024-09-02 16:31:40.746 +03:00 [INF] Request starting HTTP/2 GET https://localhost:44367/api/Users/name/1 - null null
2024-09-02 16:31:40.746 +03:00 [INF] CORS policy execution successful.
2024-09-02 16:31:40.746 +03:00 [INF] Executing endpoint 'WepAPICoreTasks1.Controllers.UsersController.GetNameById (WepAPICoreTasks1)'
2024-09-02 16:31:40.746 +03:00 [INF] Route matched with {action = "GetNameById", controller = "Users"}. Executing controller action with signature Microsoft.AspNetCore.Mvc.IActionResult GetNameById(Int32) on controller WepAPICoreTasks1.Controllers.UsersController (WepAPICoreTasks1).
2024-09-02 16:31:40.747 +03:00 [INF] Executing OkObjectResult, writing value of type 'Microsoft.EntityFrameworkCore.Query.Internal.EntityQueryable`1[[WepAPICoreTasks1.Models.User, WepAPICoreTasks1, Version=1.0.0.0, Culture=neutral, PublicKeyToken=null]]'.
2024-09-02 16:31:40.748 +03:00 [INF] Executed DbCommand (1ms) [Parameters=[@__id_0='?' (DbType = Int32)], CommandType='"Text"', CommandTimeout='30']
SELECT [u].[UserID], [u].[Email], [u].[Password], [u].[PasswordHash], [u].[PasswordSalt], [u].[Username]
FROM [Users] AS [u]
WHERE [u].[UserID] = @__id_0
2024-09-02 16:31:40.749 +03:00 [INF] Executed action WepAPICoreTasks1.Controllers.UsersController.GetNameById (WepAPICoreTasks1) in 2.9338ms
2024-09-02 16:31:40.749 +03:00 [INF] Executed endpoint 'WepAPICoreTasks1.Controllers.UsersController.GetNameById (WepAPICoreTasks1)'
2024-09-02 16:31:40.750 +03:00 [INF] Request finished HTTP/2 GET https://localhost:44367/api/Users/name/1 - 200 null application/json; charset=utf-8 4.0333ms
2024-09-02 16:33:12.578 +03:00 [INF] Request starting HTTP/2 GET https://localhost:44367/api/Users/name/1 - null null
2024-09-02 16:33:12.578 +03:00 [INF] CORS policy execution successful.
2024-09-02 16:33:12.578 +03:00 [INF] Executing endpoint 'WepAPICoreTasks1.Controllers.UsersController.GetNameById (WepAPICoreTasks1)'
2024-09-02 16:33:12.578 +03:00 [INF] Route matched with {action = "GetNameById", controller = "Users"}. Executing controller action with signature Microsoft.AspNetCore.Mvc.IActionResult GetNameById(Int32) on controller WepAPICoreTasks1.Controllers.UsersController (WepAPICoreTasks1).
2024-09-02 16:33:12.579 +03:00 [INF] Executing OkObjectResult, writing value of type 'Microsoft.EntityFrameworkCore.Query.Internal.EntityQueryable`1[[WepAPICoreTasks1.Models.User, WepAPICoreTasks1, Version=1.0.0.0, Culture=neutral, PublicKeyToken=null]]'.
2024-09-02 16:33:12.582 +03:00 [INF] Executed DbCommand (3ms) [Parameters=[@__id_0='?' (DbType = Int32)], CommandType='"Text"', CommandTimeout='30']
SELECT [u].[UserID], [u].[Email], [u].[Password], [u].[PasswordHash], [u].[PasswordSalt], [u].[Username]
FROM [Users] AS [u]
WHERE [u].[UserID] = @__id_0
2024-09-02 16:33:12.583 +03:00 [INF] Executed action WepAPICoreTasks1.Controllers.UsersController.GetNameById (WepAPICoreTasks1) in 4.7803ms
2024-09-02 16:33:12.583 +03:00 [INF] Executed endpoint 'WepAPICoreTasks1.Controllers.UsersController.GetNameById (WepAPICoreTasks1)'
2024-09-02 16:33:12.583 +03:00 [INF] Request finished HTTP/2 GET https://localhost:44367/api/Users/name/1 - 200 null application/json; charset=utf-8 5.4218ms
2024-09-02 16:33:32.906 +03:00 [INF] Request starting HTTP/2 GET https://localhost:44367/api/Users/name/1 - null null
2024-09-02 16:33:32.906 +03:00 [INF] CORS policy execution successful.
2024-09-02 16:33:32.906 +03:00 [INF] Executing endpoint 'WepAPICoreTasks1.Controllers.UsersController.GetNameById (WepAPICoreTasks1)'
2024-09-02 16:33:32.907 +03:00 [INF] Route matched with {action = "GetNameById", controller = "Users"}. Executing controller action with signature Microsoft.AspNetCore.Mvc.IActionResult GetNameById(Int32) on controller WepAPICoreTasks1.Controllers.UsersController (WepAPICoreTasks1).
2024-09-02 16:33:32.909 +03:00 [INF] Executing OkObjectResult, writing value of type 'Microsoft.EntityFrameworkCore.Query.Internal.EntityQueryable`1[[WepAPICoreTasks1.Models.User, WepAPICoreTasks1, Version=1.0.0.0, Culture=neutral, PublicKeyToken=null]]'.
2024-09-02 16:33:32.911 +03:00 [INF] Executed DbCommand (1ms) [Parameters=[@__id_0='?' (DbType = Int32)], CommandType='"Text"', CommandTimeout='30']
SELECT [u].[UserID], [u].[Email], [u].[Password], [u].[PasswordHash], [u].[PasswordSalt], [u].[Username]
FROM [Users] AS [u]
WHERE [u].[UserID] = @__id_0
2024-09-02 16:33:32.911 +03:00 [INF] Executed action WepAPICoreTasks1.Controllers.UsersController.GetNameById (WepAPICoreTasks1) in 4.7741ms
2024-09-02 16:33:32.911 +03:00 [INF] Executed endpoint 'WepAPICoreTasks1.Controllers.UsersController.GetNameById (WepAPICoreTasks1)'
2024-09-02 16:33:32.912 +03:00 [INF] Request finished HTTP/2 GET https://localhost:44367/api/Users/name/1 - 200 null application/json; charset=utf-8 5.8921ms
2024-09-02 16:33:37.272 +03:00 [INF] Request starting HTTP/2 GET https://localhost:44367/api/Users/name/13 - null null
2024-09-02 16:33:37.273 +03:00 [INF] CORS policy execution successful.
2024-09-02 16:33:37.273 +03:00 [INF] Executing endpoint 'WepAPICoreTasks1.Controllers.UsersController.GetNameById (WepAPICoreTasks1)'
2024-09-02 16:33:37.273 +03:00 [INF] Route matched with {action = "GetNameById", controller = "Users"}. Executing controller action with signature Microsoft.AspNetCore.Mvc.IActionResult GetNameById(Int32) on controller WepAPICoreTasks1.Controllers.UsersController (WepAPICoreTasks1).
2024-09-02 16:33:37.274 +03:00 [INF] Executing OkObjectResult, writing value of type 'Microsoft.EntityFrameworkCore.Query.Internal.EntityQueryable`1[[WepAPICoreTasks1.Models.User, WepAPICoreTasks1, Version=1.0.0.0, Culture=neutral, PublicKeyToken=null]]'.
2024-09-02 16:33:37.276 +03:00 [INF] Executed DbCommand (1ms) [Parameters=[@__id_0='?' (DbType = Int32)], CommandType='"Text"', CommandTimeout='30']
SELECT [u].[UserID], [u].[Email], [u].[Password], [u].[PasswordHash], [u].[PasswordSalt], [u].[Username]
FROM [Users] AS [u]
WHERE [u].[UserID] = @__id_0
2024-09-02 16:33:37.277 +03:00 [INF] Executed action WepAPICoreTasks1.Controllers.UsersController.GetNameById (WepAPICoreTasks1) in 3.3778ms
2024-09-02 16:33:37.277 +03:00 [INF] Executed endpoint 'WepAPICoreTasks1.Controllers.UsersController.GetNameById (WepAPICoreTasks1)'
2024-09-02 16:33:37.277 +03:00 [INF] Request finished HTTP/2 GET https://localhost:44367/api/Users/name/13 - 200 null application/json; charset=utf-8 4.9097ms
2024-09-02 16:33:42.034 +03:00 [INF] Request starting HTTP/2 GET https://localhost:44367/api/Users/name/12 - null null
2024-09-02 16:33:42.035 +03:00 [INF] CORS policy execution successful.
2024-09-02 16:33:42.035 +03:00 [INF] Executing endpoint 'WepAPICoreTasks1.Controllers.UsersController.GetNameById (WepAPICoreTasks1)'
2024-09-02 16:33:42.035 +03:00 [INF] Route matched with {action = "GetNameById", controller = "Users"}. Executing controller action with signature Microsoft.AspNetCore.Mvc.IActionResult GetNameById(Int32) on controller WepAPICoreTasks1.Controllers.UsersController (WepAPICoreTasks1).
2024-09-02 16:33:42.036 +03:00 [INF] Executing OkObjectResult, writing value of type 'Microsoft.EntityFrameworkCore.Query.Internal.EntityQueryable`1[[WepAPICoreTasks1.Models.User, WepAPICoreTasks1, Version=1.0.0.0, Culture=neutral, PublicKeyToken=null]]'.
2024-09-02 16:33:42.038 +03:00 [INF] Executed DbCommand (1ms) [Parameters=[@__id_0='?' (DbType = Int32)], CommandType='"Text"', CommandTimeout='30']
SELECT [u].[UserID], [u].[Email], [u].[Password], [u].[PasswordHash], [u].[PasswordSalt], [u].[Username]
FROM [Users] AS [u]
WHERE [u].[UserID] = @__id_0
2024-09-02 16:33:42.043 +03:00 [INF] Executed action WepAPICoreTasks1.Controllers.UsersController.GetNameById (WepAPICoreTasks1) in 8.062ms
2024-09-02 16:33:42.044 +03:00 [INF] Executed endpoint 'WepAPICoreTasks1.Controllers.UsersController.GetNameById (WepAPICoreTasks1)'
2024-09-02 16:33:42.044 +03:00 [INF] Request finished HTTP/2 GET https://localhost:44367/api/Users/name/12 - 200 null application/json; charset=utf-8 9.4678ms
2024-09-02 16:33:45.255 +03:00 [INF] Request starting HTTP/2 GET https://localhost:44367/api/Users/name/ - null null
2024-09-02 16:33:45.255 +03:00 [INF] CORS policy execution successful.
2024-09-02 16:33:45.255 +03:00 [INF] Executing endpoint 'WepAPICoreTasks1.Controllers.UsersController.GetCategoryByName (WepAPICoreTasks1)'
2024-09-02 16:33:45.259 +03:00 [INF] Route matched with {action = "GetCategoryByName", controller = "Users"}. Executing controller action with signature Microsoft.AspNetCore.Mvc.IActionResult GetCategoryByName(System.String) on controller WepAPICoreTasks1.Controllers.UsersController (WepAPICoreTasks1).
2024-09-02 16:33:45.267 +03:00 [INF] Executing OkObjectResult, writing value of type 'Microsoft.EntityFrameworkCore.Query.Internal.EntityQueryable`1[[WepAPICoreTasks1.Models.User, WepAPICoreTasks1, Version=1.0.0.0, Culture=neutral, PublicKeyToken=null]]'.
2024-09-02 16:33:45.283 +03:00 [INF] Executed DbCommand (6ms) [Parameters=[@__name_0='?' (Size = 50)], CommandType='"Text"', CommandTimeout='30']
SELECT [u].[UserID], [u].[Email], [u].[Password], [u].[PasswordHash], [u].[PasswordSalt], [u].[Username]
FROM [Users] AS [u]
WHERE [u].[Username] = @__name_0
2024-09-02 16:33:45.283 +03:00 [INF] Executed action WepAPICoreTasks1.Controllers.UsersController.GetCategoryByName (WepAPICoreTasks1) in 24.0292ms
2024-09-02 16:33:45.283 +03:00 [INF] Executed endpoint 'WepAPICoreTasks1.Controllers.UsersController.GetCategoryByName (WepAPICoreTasks1)'
2024-09-02 16:33:45.283 +03:00 [INF] Request finished HTTP/2 GET https://localhost:44367/api/Users/name/ - 200 null application/json; charset=utf-8 28.6848ms
2024-09-02 16:34:33.097 +03:00 [INF] Request starting HTTP/2 GET https://localhost:44367/api/Users/name/13 - null null
2024-09-02 16:34:33.097 +03:00 [INF] CORS policy execution successful.
2024-09-02 16:34:33.099 +03:00 [INF] Executing endpoint 'WepAPICoreTasks1.Controllers.UsersController.GetNameById (WepAPICoreTasks1)'
2024-09-02 16:34:33.099 +03:00 [INF] Route matched with {action = "GetNameById", controller = "Users"}. Executing controller action with signature Microsoft.AspNetCore.Mvc.IActionResult GetNameById(Int32) on controller WepAPICoreTasks1.Controllers.UsersController (WepAPICoreTasks1).
2024-09-02 16:34:33.100 +03:00 [INF] Executing OkObjectResult, writing value of type 'Microsoft.EntityFrameworkCore.Query.Internal.EntityQueryable`1[[WepAPICoreTasks1.Models.User, WepAPICoreTasks1, Version=1.0.0.0, Culture=neutral, PublicKeyToken=null]]'.
2024-09-02 16:34:33.104 +03:00 [INF] Executed DbCommand (2ms) [Parameters=[@__id_0='?' (DbType = Int32)], CommandType='"Text"', CommandTimeout='30']
SELECT [u].[UserID], [u].[Email], [u].[Password], [u].[PasswordHash], [u].[PasswordSalt], [u].[Username]
FROM [Users] AS [u]
WHERE [u].[UserID] = @__id_0
2024-09-02 16:34:33.104 +03:00 [INF] Executed action WepAPICoreTasks1.Controllers.UsersController.GetNameById (WepAPICoreTasks1) in 5.2067ms
2024-09-02 16:34:33.104 +03:00 [INF] Executed endpoint 'WepAPICoreTasks1.Controllers.UsersController.GetNameById (WepAPICoreTasks1)'
2024-09-02 16:34:33.105 +03:00 [INF] Request finished HTTP/2 GET https://localhost:44367/api/Users/name/13 - 200 null application/json; charset=utf-8 7.8662ms
2024-09-02 16:35:06.971 +03:00 [INF] Request starting HTTP/2 GET https://localhost:44367/api/Users/name/13 - null null
2024-09-02 16:35:06.972 +03:00 [INF] CORS policy execution successful.
2024-09-02 16:35:06.972 +03:00 [INF] Executing endpoint 'WepAPICoreTasks1.Controllers.UsersController.GetNameById (WepAPICoreTasks1)'
2024-09-02 16:35:06.972 +03:00 [INF] Route matched with {action = "GetNameById", controller = "Users"}. Executing controller action with signature Microsoft.AspNetCore.Mvc.IActionResult GetNameById(Int32) on controller WepAPICoreTasks1.Controllers.UsersController (WepAPICoreTasks1).
2024-09-02 16:35:06.974 +03:00 [INF] Executing OkObjectResult, writing value of type 'Microsoft.EntityFrameworkCore.Query.Internal.EntityQueryable`1[[WepAPICoreTasks1.Models.User, WepAPICoreTasks1, Version=1.0.0.0, Culture=neutral, PublicKeyToken=null]]'.
2024-09-02 16:35:06.976 +03:00 [INF] Executed DbCommand (2ms) [Parameters=[@__id_0='?' (DbType = Int32)], CommandType='"Text"', CommandTimeout='30']
SELECT [u].[UserID], [u].[Email], [u].[Password], [u].[PasswordHash], [u].[PasswordSalt], [u].[Username]
FROM [Users] AS [u]
WHERE [u].[UserID] = @__id_0
2024-09-02 16:35:06.976 +03:00 [INF] Executed action WepAPICoreTasks1.Controllers.UsersController.GetNameById (WepAPICoreTasks1) in 3.722ms
2024-09-02 16:35:06.976 +03:00 [INF] Executed endpoint 'WepAPICoreTasks1.Controllers.UsersController.GetNameById (WepAPICoreTasks1)'
2024-09-02 16:35:06.976 +03:00 [INF] Request finished HTTP/2 GET https://localhost:44367/api/Users/name/13 - 200 null application/json; charset=utf-8 5.5074ms
2024-09-02 16:35:28.096 +03:00 [INF] Request starting HTTP/2 GET https://localhost:44367/api/Users/name/15 - null null
2024-09-02 16:35:28.096 +03:00 [INF] CORS policy execution successful.
2024-09-02 16:35:28.096 +03:00 [INF] Executing endpoint 'WepAPICoreTasks1.Controllers.UsersController.GetNameById (WepAPICoreTasks1)'
2024-09-02 16:35:28.097 +03:00 [INF] Route matched with {action = "GetNameById", controller = "Users"}. Executing controller action with signature Microsoft.AspNetCore.Mvc.IActionResult GetNameById(Int32) on controller WepAPICoreTasks1.Controllers.UsersController (WepAPICoreTasks1).
2024-09-02 16:35:28.098 +03:00 [INF] Executing OkObjectResult, writing value of type 'Microsoft.EntityFrameworkCore.Query.Internal.EntityQueryable`1[[WepAPICoreTasks1.Models.User, WepAPICoreTasks1, Version=1.0.0.0, Culture=neutral, PublicKeyToken=null]]'.
2024-09-02 16:35:28.102 +03:00 [INF] Executed DbCommand (4ms) [Parameters=[@__id_0='?' (DbType = Int32)], CommandType='"Text"', CommandTimeout='30']
SELECT [u].[UserID], [u].[Email], [u].[Password], [u].[PasswordHash], [u].[PasswordSalt], [u].[Username]
FROM [Users] AS [u]
WHERE [u].[UserID] = @__id_0
2024-09-02 16:35:28.103 +03:00 [INF] Executed action WepAPICoreTasks1.Controllers.UsersController.GetNameById (WepAPICoreTasks1) in 6.0367ms
2024-09-02 16:35:28.103 +03:00 [INF] Executed endpoint 'WepAPICoreTasks1.Controllers.UsersController.GetNameById (WepAPICoreTasks1)'
2024-09-02 16:35:28.103 +03:00 [INF] Request finished HTTP/2 GET https://localhost:44367/api/Users/name/15 - 200 null application/json; charset=utf-8 7.3833ms
2024-09-02 16:36:06.102 +03:00 [INF] Request starting HTTP/2 GET https://localhost:44367/api/Users/name/18 - null null
2024-09-02 16:36:06.103 +03:00 [INF] CORS policy execution successful.
2024-09-02 16:36:06.103 +03:00 [INF] Executing endpoint 'WepAPICoreTasks1.Controllers.UsersController.GetNameById (WepAPICoreTasks1)'
2024-09-02 16:36:06.103 +03:00 [INF] Route matched with {action = "GetNameById", controller = "Users"}. Executing controller action with signature Microsoft.AspNetCore.Mvc.IActionResult GetNameById(Int32) on controller WepAPICoreTasks1.Controllers.UsersController (WepAPICoreTasks1).
2024-09-02 16:36:06.104 +03:00 [INF] Executing OkObjectResult, writing value of type 'Microsoft.EntityFrameworkCore.Query.Internal.EntityQueryable`1[[WepAPICoreTasks1.Models.User, WepAPICoreTasks1, Version=1.0.0.0, Culture=neutral, PublicKeyToken=null]]'.
2024-09-02 16:36:06.105 +03:00 [INF] Executed DbCommand (1ms) [Parameters=[@__id_0='?' (DbType = Int32)], CommandType='"Text"', CommandTimeout='30']
SELECT [u].[UserID], [u].[Email], [u].[Password], [u].[PasswordHash], [u].[PasswordSalt], [u].[Username]
FROM [Users] AS [u]
WHERE [u].[UserID] = @__id_0
2024-09-02 16:36:06.106 +03:00 [INF] Executed action WepAPICoreTasks1.Controllers.UsersController.GetNameById (WepAPICoreTasks1) in 2.6146ms
2024-09-02 16:36:06.106 +03:00 [INF] Executed endpoint 'WepAPICoreTasks1.Controllers.UsersController.GetNameById (WepAPICoreTasks1)'
2024-09-02 16:36:06.107 +03:00 [INF] Request finished HTTP/2 GET https://localhost:44367/api/Users/name/18 - 200 null application/json; charset=utf-8 3.9899ms
2024-09-02 16:37:53.023 +03:00 [INF] Request starting HTTP/2 GET https://localhost:44367/api/Users/name/18 - null null
2024-09-02 16:37:53.023 +03:00 [INF] CORS policy execution successful.
2024-09-02 16:37:53.024 +03:00 [INF] Executing endpoint 'WepAPICoreTasks1.Controllers.UsersController.GetNameById (WepAPICoreTasks1)'
2024-09-02 16:37:53.024 +03:00 [INF] Route matched with {action = "GetNameById", controller = "Users"}. Executing controller action with signature Microsoft.AspNetCore.Mvc.IActionResult GetNameById(Int32) on controller WepAPICoreTasks1.Controllers.UsersController (WepAPICoreTasks1).
2024-09-02 16:37:53.025 +03:00 [INF] Executing OkObjectResult, writing value of type 'Microsoft.EntityFrameworkCore.Query.Internal.EntityQueryable`1[[WepAPICoreTasks1.Models.User, WepAPICoreTasks1, Version=1.0.0.0, Culture=neutral, PublicKeyToken=null]]'.
2024-09-02 16:37:53.029 +03:00 [INF] Executed DbCommand (3ms) [Parameters=[@__id_0='?' (DbType = Int32)], CommandType='"Text"', CommandTimeout='30']
SELECT [u].[UserID], [u].[Email], [u].[Password], [u].[PasswordHash], [u].[PasswordSalt], [u].[Username]
FROM [Users] AS [u]
WHERE [u].[UserID] = @__id_0
2024-09-02 16:37:53.029 +03:00 [INF] Executed action WepAPICoreTasks1.Controllers.UsersController.GetNameById (WepAPICoreTasks1) in 5.3036ms
2024-09-02 16:37:53.029 +03:00 [INF] Executed endpoint 'WepAPICoreTasks1.Controllers.UsersController.GetNameById (WepAPICoreTasks1)'
2024-09-02 16:37:53.029 +03:00 [INF] Request finished HTTP/2 GET https://localhost:44367/api/Users/name/18 - 200 null application/json; charset=utf-8 6.4414ms
2024-09-02 16:39:49.301 +03:00 [INF] Request starting HTTP/2 GET https://localhost:44367/api/Users/name/ - null null
2024-09-02 16:39:49.301 +03:00 [INF] CORS policy execution successful.
2024-09-02 16:39:49.301 +03:00 [INF] Executing endpoint 'WepAPICoreTasks1.Controllers.UsersController.GetCategoryByName (WepAPICoreTasks1)'
2024-09-02 16:39:49.302 +03:00 [INF] Route matched with {action = "GetCategoryByName", controller = "Users"}. Executing controller action with signature Microsoft.AspNetCore.Mvc.IActionResult GetCategoryByName(System.String) on controller WepAPICoreTasks1.Controllers.UsersController (WepAPICoreTasks1).
2024-09-02 16:39:49.304 +03:00 [INF] Executing OkObjectResult, writing value of type 'Microsoft.EntityFrameworkCore.Query.Internal.EntityQueryable`1[[WepAPICoreTasks1.Models.User, WepAPICoreTasks1, Version=1.0.0.0, Culture=neutral, PublicKeyToken=null]]'.
2024-09-02 16:39:49.308 +03:00 [INF] Executed DbCommand (4ms) [Parameters=[@__name_0='?' (Size = 50)], CommandType='"Text"', CommandTimeout='30']
SELECT [u].[UserID], [u].[Email], [u].[Password], [u].[PasswordHash], [u].[PasswordSalt], [u].[Username]
FROM [Users] AS [u]
WHERE [u].[Username] = @__name_0
2024-09-02 16:39:49.309 +03:00 [INF] Executed action WepAPICoreTasks1.Controllers.UsersController.GetCategoryByName (WepAPICoreTasks1) in 6.9043ms
2024-09-02 16:39:49.309 +03:00 [INF] Executed endpoint 'WepAPICoreTasks1.Controllers.UsersController.GetCategoryByName (WepAPICoreTasks1)'
2024-09-02 16:39:49.309 +03:00 [INF] Request finished HTTP/2 GET https://localhost:44367/api/Users/name/ - 200 null application/json; charset=utf-8 8.8681ms
2024-09-02 16:42:29.760 +03:00 [INF] Request starting HTTP/2 GET https://localhost:44367/api/Users/name/1 - null null
2024-09-02 16:42:29.761 +03:00 [INF] CORS policy execution successful.
2024-09-02 16:42:29.761 +03:00 [INF] Executing endpoint 'WepAPICoreTasks1.Controllers.UsersController.GetNameById (WepAPICoreTasks1)'
2024-09-02 16:42:29.761 +03:00 [INF] Route matched with {action = "GetNameById", controller = "Users"}. Executing controller action with signature Microsoft.AspNetCore.Mvc.IActionResult GetNameById(Int32) on controller WepAPICoreTasks1.Controllers.UsersController (WepAPICoreTasks1).
2024-09-02 16:42:29.762 +03:00 [INF] Executing OkObjectResult, writing value of type 'Microsoft.EntityFrameworkCore.Query.Internal.EntityQueryable`1[[WepAPICoreTasks1.Models.User, WepAPICoreTasks1, Version=1.0.0.0, Culture=neutral, PublicKeyToken=null]]'.
2024-09-02 16:42:29.768 +03:00 [INF] Executed DbCommand (5ms) [Parameters=[@__id_0='?' (DbType = Int32)], CommandType='"Text"', CommandTimeout='30']
SELECT [u].[UserID], [u].[Email], [u].[Password], [u].[PasswordHash], [u].[PasswordSalt], [u].[Username]
FROM [Users] AS [u]
WHERE [u].[UserID] = @__id_0
2024-09-02 16:42:29.769 +03:00 [INF] Executed action WepAPICoreTasks1.Controllers.UsersController.GetNameById (WepAPICoreTasks1) in 8.1701ms
2024-09-02 16:42:29.769 +03:00 [INF] Executed endpoint 'WepAPICoreTasks1.Controllers.UsersController.GetNameById (WepAPICoreTasks1)'
2024-09-02 16:42:29.770 +03:00 [INF] Request finished HTTP/2 GET https://localhost:44367/api/Users/name/1 - 200 null application/json; charset=utf-8 9.236ms
2024-09-02 16:42:34.947 +03:00 [INF] Request starting HTTP/2 GET https://localhost:44367/api/Users/name/18 - null null
2024-09-02 16:42:34.948 +03:00 [INF] CORS policy execution successful.
2024-09-02 16:42:34.948 +03:00 [INF] Executing endpoint 'WepAPICoreTasks1.Controllers.UsersController.GetNameById (WepAPICoreTasks1)'
2024-09-02 16:42:34.948 +03:00 [INF] Route matched with {action = "GetNameById", controller = "Users"}. Executing controller action with signature Microsoft.AspNetCore.Mvc.IActionResult GetNameById(Int32) on controller WepAPICoreTasks1.Controllers.UsersController (WepAPICoreTasks1).
2024-09-02 16:42:34.950 +03:00 [INF] Executing OkObjectResult, writing value of type 'Microsoft.EntityFrameworkCore.Query.Internal.EntityQueryable`1[[WepAPICoreTasks1.Models.User, WepAPICoreTasks1, Version=1.0.0.0, Culture=neutral, PublicKeyToken=null]]'.
2024-09-02 16:42:34.951 +03:00 [INF] Executed DbCommand (1ms) [Parameters=[@__id_0='?' (DbType = Int32)], CommandType='"Text"', CommandTimeout='30']
SELECT [u].[UserID], [u].[Email], [u].[Password], [u].[PasswordHash], [u].[PasswordSalt], [u].[Username]
FROM [Users] AS [u]
WHERE [u].[UserID] = @__id_0
2024-09-02 16:42:34.952 +03:00 [INF] Executed action WepAPICoreTasks1.Controllers.UsersController.GetNameById (WepAPICoreTasks1) in 3.3087ms
2024-09-02 16:42:34.952 +03:00 [INF] Executed endpoint 'WepAPICoreTasks1.Controllers.UsersController.GetNameById (WepAPICoreTasks1)'
2024-09-02 16:42:34.952 +03:00 [INF] Request finished HTTP/2 GET https://localhost:44367/api/Users/name/18 - 200 null application/json; charset=utf-8 4.5071ms
2024-09-02 16:42:59.537 +03:00 [INF] Request starting HTTP/2 POST https://localhost:44367/api/Register/register - multipart/form-data; boundary=----WebKitFormBoundaryEoMElcA0uWXsqY9F 448
2024-09-02 16:42:59.538 +03:00 [INF] CORS policy execution successful.
2024-09-02 16:42:59.538 +03:00 [INF] Executing endpoint 'WepAPICoreTasks1.Controllers.Register.addUser (WepAPICoreTasks1)'
2024-09-02 16:42:59.563 +03:00 [INF] Route matched with {action = "addUser", controller = "Register"}. Executing controller action with signature Microsoft.AspNetCore.Mvc.IActionResult addUser(WepAPICoreTasks1.DTOs.UserRequestDTO) on controller WepAPICoreTasks1.Controllers.Register (WepAPICoreTasks1).
2024-09-02 16:42:59.640 +03:00 [INF] Executed DbCommand (6ms) [Parameters=[@p0='?' (Size = 100), @p1='?' (Size = 50), @p2='?' (Size = 8000) (DbType = Binary), @p3='?' (Size = 8000) (DbType = Binary), @p4='?' (Size = 50)], CommandType='"Text"', CommandTimeout='30']
SET IMPLICIT_TRANSACTIONS OFF;
SET NOCOUNT ON;
INSERT INTO [Users] ([Email], [Password], [PasswordHash], [PasswordSalt], [Username])
OUTPUT INSERTED.[UserID]
VALUES (@p0, @p1, @p2, @p3, @p4);
2024-09-02 16:42:59.650 +03:00 [INF] Executing OkObjectResult, writing value of type 'WepAPICoreTasks1.Models.User'.
2024-09-02 16:42:59.651 +03:00 [INF] Executed action WepAPICoreTasks1.Controllers.Register.addUser (WepAPICoreTasks1) in 87.9181ms
2024-09-02 16:42:59.651 +03:00 [INF] Executed endpoint 'WepAPICoreTasks1.Controllers.Register.addUser (WepAPICoreTasks1)'
2024-09-02 16:42:59.651 +03:00 [INF] Request finished HTTP/2 POST https://localhost:44367/api/Register/register - 200 null application/json; charset=utf-8 113.7223ms
2024-09-02 16:43:17.936 +03:00 [INF] Request starting HTTP/2 POST https://localhost:44367/api/Register/login - multipart/form-data; boundary=----WebKitFormBoundaryS7118yyPkH4IK5yM 343
2024-09-02 16:43:17.938 +03:00 [INF] CORS policy execution successful.
2024-09-02 16:43:17.938 +03:00 [INF] Executing endpoint 'WepAPICoreTasks1.Controllers.Register.Login (WepAPICoreTasks1)'
2024-09-02 16:43:17.941 +03:00 [INF] Route matched with {action = "Login", controller = "Register"}. Executing controller action with signature Microsoft.AspNetCore.Mvc.IActionResult Login(WepAPICoreTasks1.DTOs.UserRequestDTO) on controller WepAPICoreTasks1.Controllers.Register (WepAPICoreTasks1).
2024-09-02 16:43:17.990 +03:00 [INF] Executed DbCommand (3ms) [Parameters=[@__model_Username_1='?' (Size = 50)], CommandType='"Text"', CommandTimeout='30']
SELECT TOP(1) [u].[UserID], [u].[Email], [u].[Password], [u].[PasswordHash], [u].[PasswordSalt], [u].[Username]
FROM [Users] AS [u]
WHERE [u].[Email] IS NULL AND [u].[Username] = @__model_Username_1
2024-09-02 16:43:17.991 +03:00 [INF] Executing UnauthorizedObjectResult, writing value of type 'System.String'.
2024-09-02 16:43:17.991 +03:00 [INF] Executed action WepAPICoreTasks1.Controllers.Register.Login (WepAPICoreTasks1) in 50.0115ms
2024-09-02 16:43:17.991 +03:00 [INF] Executed endpoint 'WepAPICoreTasks1.Controllers.Register.Login (WepAPICoreTasks1)'
2024-09-02 16:43:17.991 +03:00 [INF] Request finished HTTP/2 POST https://localhost:44367/api/Register/login - 401 null text/plain; charset=utf-8 55.4955ms
2024-09-02 16:48:34.659 +03:00 [INF] Request starting HTTP/2 GET https://localhost:44367/api/Users/name/5 - null null
2024-09-02 16:48:34.659 +03:00 [INF] CORS policy execution successful.
2024-09-02 16:48:34.660 +03:00 [INF] Executing endpoint 'WepAPICoreTasks1.Controllers.UsersController.GetNameById (WepAPICoreTasks1)'
2024-09-02 16:48:34.660 +03:00 [INF] Route matched with {action = "GetNameById", controller = "Users"}. Executing controller action with signature Microsoft.AspNetCore.Mvc.IActionResult GetNameById(Int32) on controller WepAPICoreTasks1.Controllers.UsersController (WepAPICoreTasks1).
2024-09-02 16:48:34.661 +03:00 [INF] Executing OkObjectResult, writing value of type 'Microsoft.EntityFrameworkCore.Query.Internal.EntityQueryable`1[[WepAPICoreTasks1.Models.User, WepAPICoreTasks1, Version=1.0.0.0, Culture=neutral, PublicKeyToken=null]]'.
2024-09-02 16:48:34.675 +03:00 [INF] Executed DbCommand (12ms) [Parameters=[@__id_0='?' (DbType = Int32)], CommandType='"Text"', CommandTimeout='30']
SELECT [u].[UserID], [u].[Email], [u].[Password], [u].[PasswordHash], [u].[PasswordSalt], [u].[Username]
FROM [Users] AS [u]
WHERE [u].[UserID] = @__id_0
2024-09-02 16:48:34.675 +03:00 [INF] Executed action WepAPICoreTasks1.Controllers.UsersController.GetNameById (WepAPICoreTasks1) in 15.4638ms
2024-09-02 16:48:34.675 +03:00 [INF] Executed endpoint 'WepAPICoreTasks1.Controllers.UsersController.GetNameById (WepAPICoreTasks1)'
2024-09-02 16:48:34.676 +03:00 [INF] Request finished HTTP/2 GET https://localhost:44367/api/Users/name/5 - 200 null application/json; charset=utf-8 16.9698ms
